[cp][NOTICE][2015-01-12 10:03:17.282551 +0800][192.168.1.38][cp.sudongdong.xqzuche.com][192.168.1.72][42980][7a287644238ee3096a328b2511b768fb][GET][/login][205.34610748291][205.34610748291]
[/home/work/website/sudongdong/site/cp/index-test.php:105][0] access 213.33813667297

[cp][NOTICE][2015-01-12 10:03:20.015821 +0800][192.168.1.38][cp.sudongdong.xqzuche.com][192.168.1.72][42087][6a88eb7a2622396ac006b99637e9ee25][GET][/login][206.55393600464][206.55393600464]
[/home/work/website/sudongdong/site/cp/index-test.php:105][0] access 214.51592445374

[cp][NOTICE][2015-01-12 10:03:20.433775 +0800][192.168.1.38][cp.sudongdong.xqzuche.com][192.168.1.72][44737][439eeebc5327efcf3ff208bf70318cb1][GET][/ajax_get_captcha][185.71186065674][185.7
1186065674][/home/work/website/sudongdong/site/cp/index-test.php:105][0] access 193.88294219971

[cp][DEBUG][2015-01-12 10:03:25.242204 +0800][192.168.1.38][cp.sudongdong.xqzuche.com][192.168.1.72][43489][0b400a37bb8194a2d2d3e75f4d8f6dab][POST][/login][166.63193702698][166.63193702698]
[/home/work/website/sudongdong/lib/ndb/MysqlDb.php:59][9.15mb][{"hp":"10672370649","password":"123456","img_captcha":"suva"}][{"img_captcha":"suva"}][0] [DB:icars_sx][SQL:SELECT * FROM `use
r` WHERE `hp` = unhex('3130363732333730363439') AND `password` = unhex('6531306164633339343962613539616262653536653035376632306638383365') ORDER BY id DESC]
#0 /home/work/website/sudongdong/lib/ndb/MysqlDb.php(59): call_user_func("Logger::debug", "[DB:icars_sx][SQL:SELECT * FROM `user` WHERE `hp` = unhex('3130363732333730363439') AND `password`
 = unhex('6531306164633339343962613539616262653536653035376632306638383365') ORDER BY id DESC]")
#1 /home/work/website/sudongdong/lib/ndb/MysqlDb.php(263): MysqlDb->writeLog(["SELECT * FROM `user` WHERE `hp` = unhex('3130363732333730363439') AND `password` = unhex('65313061646333393439
62613539616262653536653035376632306638383365') ORDER BY id DESC"])
#2 /home/work/website/sudongdong/lib/ndb/DbImpl.php(698): MysqlDb->query(["SELECT * FROM `user` WHERE `hp` = ? AND `password` = ? ORDER BY id DESC","10672370649","e10adc3949ba59abbe56e057f2
0f883e"])
#3 /home/work/website/sudongdong/modules/Account.php(927): DbImpl->queryBySql("SELECT * FROM `user` WHERE `hp` = ? AND `password` = ? ORDER BY id DESC", 10672370649, "e10adc3949ba59abbe56e0
57f20f883e")
#4 /home/work/website/sudongdong/site/cp/actions/CP_Account.php(613): Account::valid_hp(10672370649, 123456)
#5 nofile(noline): CP_Account->doLogin()
#6 /home/work/website/sudongdong/lib/base.php(1284): call_user_func([{},"doLogin"])
#7 /home/work/website/sudongdong/lib/base.php(1422): F3::call("CP_Account->doLogin", true)
#8 /home/work/website/sudongdong/site/cp/index-test.php(99): F3::run()

[cp][DEBUG][2015-01-12 10:03:25.247727 +0800][192.168.1.38][cp.sudongdong.xqzuche.com][192.168.1.72][43489][0b400a37bb8194a2d2d3e75f4d8f6dab][POST][/login][172.15490341187][5.5229663848877]
[/home/work/website/sudongdong/lib/ndb/MysqlDb.php:59][9.35mb][{"hp":"10672370649","password":"123456","img_captcha":"suva"}][{"img_captcha":"suva"}][0] [DB:icars_sx][SQL:SELECT * FROM user
 WHERE hp='10672370649' LIMIT 1]
#0 /home/work/website/sudongdong/lib/ndb/MysqlDb.php(59): call_user_func("Logger::debug", "[DB:icars_sx][SQL:SELECT * FROM user WHERE hp='10672370649' LIMIT 1]")
#1 /home/work/website/sudongdong/lib/ndb/MysqlDb.php(263): MysqlDb->writeLog(["SELECT * FROM user WHERE hp='10672370649' LIMIT 1"])
#2 /home/work/website/sudongdong/lib/ndb/DbImpl.php(698): MysqlDb->query(["SELECT * FROM user WHERE hp='10672370649' LIMIT 1",[]])
#3 /home/work/website/sudongdong/lib/db.php(150): DbImpl->queryBySql("SELECT * FROM user WHERE hp='10672370649' LIMIT 1", [])
#4 /home/work/website/sudongdong/lib/db.php(558): DB->exec("SELECT * FROM user WHERE hp='10672370649' LIMIT 1;")
#5 /home/work/website/sudongdong/lib/db.php(603): Axon->select("*", "hp='10672370649'", null, null, 1, 0, true)
#6 /home/work/website/sudongdong/lib/db.php(629): Axon->find("hp='10672370649'", null, 1, 0)    \t \r \n   $
#7 /home/work/website/sudongdong/lib/db.php(691): Axon->findone("hp='10672370649'", null, 0)
#8 /home/work/website/sudongdong/modules/Account.php(267): Axon->load("hp='10672370649'")
#9 /home/work/website/sudongdong/site/cp/actions/CP_Account.php(616): Account::is_black(10672370649)
#10 nofile(noline): CP_Account->doLogin()
#11 /home/work/website/sudongdong/lib/base.php(1284): call_user_func([{},"doLogin"])
#12 /home/work/website/sudongdong/lib/base.php(1422): F3::call("CP_Account->doLogin", true)
#13 /home/work/website/sudongdong/site/cp/index-test.php(99): F3::run()

[cp][DEBUG][2015-01-12 10:03:25.256417 +0800][192.168.1.38][cp.sudongdong.xqzuche.com][192.168.1.72][43489][0b400a37bb8194a2d2d3e75f4d8f6dab][POST][/login][180.84502220154][8.6901187896729]
[/home/work/website/sudongdong/lib/ndb/MysqlDb.php:59][9.43mb][{"hp":"10672370649","password":"123456","img_captcha":"suva"}][{"img_captcha":"suva"}][0] [DB:icars_sx][SQL:SELECT * FROM iden
tity WHERE uid='521665' LIMIT 1]
#0 /home/work/website/sudongdong/lib/ndb/MysqlDb.php(59): call_user_func("Logger::debug", "[DB:icars_sx][SQL:SELECT * FROM identity WHERE uid='521665' LIMIT 1]")
#1 /home/work/website/sudongdong/lib/ndb/MysqlDb.php(263): MysqlDb->writeLog(["SELECT * FROM identity WHERE uid='521665' LIMIT 1"])
#2 /home/work/website/sudongdong/lib/ndb/DbImpl.php(698): MysqlDb->query(["SELECT * FROM identity WHERE uid='521665' LIMIT 1",[]])
#3 /home/work/website/sudongdong/lib/db.php(150): DbImpl->queryBySql("SELECT * FROM identity WHERE uid='521665' LIMIT 1", [])
#4 /home/work/website/sudongdong/lib/db.php(558): DB->exec("SELECT * FROM identity WHERE uid='521665' LIMIT 1;")
#5 /home/work/website/sudongdong/lib/db.php(603): Axon->select("*", "uid='521665'", null, null, 1, 0, true)
#6 /home/work/website/sudongdong/lib/db.php(629): Axon->find("uid='521665'", null, 1, 0)
#7 /home/work/website/sudongdong/lib/db.php(691): Axon->findone("uid='521665'", null, 0)
#8 /home/work/website/sudongdong/modules/Account.php(272): Axon->load("uid='521665'")
#9 /home/work/website/sudongdong/site/cp/actions/CP_Account.php(616): Account::is_black(10672370649)
#10 nofile(noline): CP_Account->doLogin()
#11 /home/work/website/sudongdong/lib/base.php(1284): call_user_func([{},"doLogin"])
#12 /home/work/website/sudongdong/lib/base.php(1422): F3::call("CP_Account->doLogin", true)
#13 /home/work/website/sudongdong/site/cp/index-test.php(99): F3::run()

[cp][DEBUG][2015-01-12 10:03:25.261167 +0800][192.168.1.38][cp.sudongdong.xqzuche.com][192.168.1.72][43489][0b400a37bb8194a2d2d3e75f4d8f6dab][POST][/login][185.59503555298][4.7500133514404]
[/home/work/website/sudongdong/lib/ndb/MysqlDb.php:59][9.46mb][{"hp":"10672370649","password":"123456","img_captcha":"suva"}][{"img_captcha":"suva"}][0] [DB:icars_sx][SQL:SELECT * FROM user
 WHERE id = '521665' LIMIT 1]
#0 /home/work/website/sudongdong/lib/ndb/MysqlDb.php(59): call_user_func("Logger::debug", "[DB:icars_sx][SQL:SELECT * FROM user WHERE id = '521665' LIMIT 1]")
#1 /home/work/website/sudongdong/lib/ndb/MysqlDb.php(263): MysqlDb->writeLog(["SELECT * FROM user WHERE id = '521665' LIMIT 1"])
#2 /home/work/website/sudongdong/lib/ndb/DbImpl.php(698): MysqlDb->query(["SELECT * FROM user WHERE id = '521665' LIMIT 1",[]])
#3 /home/work/website/sudongdong/lib/db.php(150): DbImpl->queryBySql("SELECT * FROM user WHERE id = '521665' LIMIT 1", [])
#4 /home/work/website/sudongdong/lib/db.php(558): DB->exec("SELECT * FROM user WHERE id = '521665' LIMIT 1;")
#5 /home/work/website/sudongdong/lib/db.php(603): Axon->select("*", "id = '521665'", null, null, 1, 0, true)
#6 /home/work/website/sudongdong/lib/db.php(629): Axon->find("id = '521665'", null, 1, 0)
#7 /home/work/website/sudongdong/lib/db.php(691): Axon->findone("id = '521665'", null, 0)
#8 /home/work/website/sudongdong/modules/Account.php(195): Axon->load("id = '521665'")
#9 /home/work/website/sudongdong/site/cp/actions/CP_Account.php(619): Account::login({"id":"521665","role":"admin","departmentSUB":"","department":"RD","displayname":"106******49","email":"
","password":"e10adc3949ba59abbe56e057f20f883e","facebookID":"","avatar":"","receive_icarbox_sms":"1","register_on":"2014-11-25 10:30:28","last_login_on":"2015-01-10 15:10:39","last_callbac
k_on":null,"back_hp":null,"hp":"10672370649","hp_city_code":"110100","edm_flag":"1","rejected_on":null,"first_role":"iCarOwner","remark":"","biz":"0","cut":"0","insurance_policy":null,"is_t
ester":"0","crm_called":"1","register_from":"web","register_channel":"null","sale_channel":"","sendback_on":null,"verified_on":null,"utm_source":null,"utm_media":null,"utm_campaign":null,"u
tm_device":null,"utm_term":null,"utm_content":null,"macro_channel":"none","device_web":"2015-01-10 15:10:39","device_android":null,"device_ios":null,"is_owner":"0","is_driver":"0"}, true)
#10 nofile(noline): CP_Account->doLogin()
#11 /home/work/website/sudongdong/lib/base.php(1284): call_user_func([{},"doLogin"])
#12 /home/work/website/sudongdong/lib/base.php(1422): F3::call("CP_Account->doLogin", true)
#13 /home/work/website/sudongdong/site/cp/index-test.php(99): F3::run()

[cp][DEBUG][2015-01-12 10:03:25.266841 +0800][192.168.1.38][cp.sudongdong.xqzuche.com][192.168.1.72][43489][0b400a37bb8194a2d2d3e75f4d8f6dab][POST][/login][191.26892089844][5.673885345459][
/home/work/website/sudongdong/modules/Account.php:201][9.47mb][{"hp":"10672370649","password":"123456","img_captcha":"suva"}][{"img_captcha":"suva"}][0] internal login user:array (  'id' =>
 '521665',  'role' => 'admin',  'departmentSUB' => '',  'department' => 'RD',  'displayname' => '106******49',  'email' => '',  'password' => 'e10adc3949ba59abbe56e057f20f883e',  'facebookI
D' => '',  'avatar' => '',  'receive_icarbox_sms' => '1',  'register_on' => '2014-11-25 10:30:28',  'last_login_on' => '2015-01-10 15:10:39',  'last_callback_on' => NULL,  'back_hp' => NULL
,  'hp' => '10672370649',  'hp_city_code' => '110100',  'edm_flag' => '1',  'rejected_on' => NULL,  'first_role' => 'iCarOwner',  'remark' => '',  'biz' => '0',  'cut' => '0',  'insurance_p
olicy' => NULL,  'is_tester' => '0',  'crm_called' => '1',  'register_from' => 'web',  'register_channel' => 'null',  'sale_channel' => '',  'sendback_on' => NULL,  'verified_on' => NULL,
'utm_source' => NULL,  'utm_media' => NULL,  'utm_campaign' => NULL,  'utm_device' => NULL,  'utm_term' => NULL,  'utm_content' => NULL,  'macro_channel' => 'none',  'device_web' => '2015-0
1-10 15:10:39',  'device_android' => NULL,  'device_ios' => NULL,  'is_owner' => '0',  'is_driver' => '0',), hr1=1, hr2=1, hr3=1
#0 /home/work/website/sudongdong/site/cp/actions/CP_Account.php(619): Account::login({"id":"521665","role":"admin","departmentSUB":"","department":"RD","displayname":"106******49","email":"
","password":"e10adc3949ba59abbe56e057f20f883e","facebookID":"","avatar":"","receive_icarbox_sms":"1","register_on":"2014-11-25 10:30:28","last_login_on":"2015-01-10 15:10:39","last_callbac
k_on":null,"back_hp":null,"hp":"10672370649","hp_city_code":"110100","edm_flag":"1","rejected_on":null,"first_role":"iCarOwner","remark":"","biz":"0","cut":"0","insurance_policy":null,"is_t
ester":"0","crm_called":"1","register_from":"web","register_channel":"null","sale_channel":"","sendback_on":null,"verified_on":null,"utm_source":null,"utm_media":null,"utm_campaign":null,"u
tm_device":null,"utm_term":null,"utm_content":null,"macro_channel":"none","device_web":"2015-01-10 15:10:39","device_android":null,"device_ios":null,"is_owner":"0","is_driver":"0"}, true)
#1 nofile(noline): CP_Account->doLogin()
#2 /home/work/website/sudongdong/lib/base.php(1284): call_user_func([{},"doLogin"])
#3 /home/work/website/sudongdong/lib/base.php(1422): F3::call("CP_Account->doLogin", true)
#4 /home/work/website/sudongdong/site/cp/index-test.php(99): F3::run()

[cp][NOTICE][2015-01-12 10:03:25.294381 +0800][192.168.1.38][cp.sudongdong.xqzuche.com][192.168.1.72][43489][0b400a37bb8194a2d2d3e75f4d8f6dab][POST][/login][218.80888938904][27.539968490601
][/home/work/website/sudongdong/site/cp/index-test.php:105][0] access 227.02813148499

[cp][DEBUG][2015-01-12 10:03:25.737462 +0800][192.168.1.38][cp.sudongdong.xqzuche.com][192.168.1.72][44033][d530103bdfa208c81fa3e39d4162879a][GET][/cp][161.00811958313][161.00811958313][/ho
me/work/website/sudongdong/lib/ndb/MysqlDb.php:59][8.74mb][][][521665] [DB:icars_sx][SQL:SELECT * FROM identity WHERE uid=521665 LIMIT 1]
#0 /home/work/website/sudongdong/lib/ndb/MysqlDb.php(59): call_user_func("Logger::debug", "[DB:icars_sx][SQL:SELECT * FROM identity WHERE uid=521665 LIMIT 1]")
#1 /home/work/website/sudongdong/lib/ndb/MysqlDb.php(263): MysqlDb->writeLog(["SELECT * FROM identity WHERE uid=521665 LIMIT 1"])
#2 /home/work/website/sudongdong/lib/ndb/DbImpl.php(698): MysqlDb->query(["SELECT * FROM identity WHERE uid=521665 LIMIT 1",[]])
#3 /home/work/website/sudongdong/lib/db.php(150): DbImpl->queryBySql("SELECT * FROM identity WHERE uid=521665 LIMIT 1", [])
#4 /home/work/website/sudongdong/lib/db.php(558): DB->exec("SELECT * FROM identity WHERE uid=521665 LIMIT 1;")
#5 /home/work/website/sudongdong/lib/db.php(603): Axon->select("*", "uid=521665", null, null, 1, 0, true)
#6 /home/work/website/sudongdong/lib/db.php(629): Axon->find("uid=521665", null, 1, 0)
#7 /home/work/website/sudongdong/lib/db.php(691): Axon->findone("uid=521665", null, 0)
#8 /home/work/website/sudongdong/modules/Account.php(251): Axon->load("uid=521665")
#9 /home/work/website/sudongdong/site/cp/index-test.php(92): Account::is_can_login()
[cp][DEBUG][2015-01-12 10:03:25.744080 +0800][192.168.1.38][cp.sudongdong.xqzuche.com][192.168.1.72][44033][d530103bdfa208c81fa3e39d4162879a][GET][/cp][167.62614250183][6.6180229187012][/ho
me/work/website/sudongdong/lib/ndb/MysqlDb.php:59][8.87mb][][][521665] [DB:icars_sx][SQL:SELECT * FROM black_user WHERE type=1]
#0 /home/work/website/sudongdong/lib/ndb/MysqlDb.php(59): call_user_func("Logger::debug", "[DB:icars_sx][SQL:SELECT * FROM black_user WHERE type=1]")
#1 /home/work/website/sudongdong/lib/ndb/MysqlDb.php(263): MysqlDb->writeLog(["SELECT * FROM black_user WHERE type=1"])
#2 /home/work/website/sudongdong/lib/ndb/DbImpl.php(698): MysqlDb->query(["SELECT * FROM black_user WHERE type=1"])
#3 /home/work/website/sudongdong/modules/BlackUser.php(14): DbImpl->queryBySql("SELECT * FROM black_user WHERE type=1")
#4 /home/work/website/sudongdong/modules/BlackUser.php(37): BlackUser::getBlackInfo()
#5 /home/work/website/sudongdong/modules/BlackUser.php(24): BlackUser::getByDb()
#6 /home/work/website/sudongdong/modules/BlackUser.php(57): BlackUser::getBlackIdCards()
#7 /home/work/website/sudongdong/modules/Account.php(256): BlackUser::isBlackUser("")
#8 /home/work/website/sudongdong/site/cp/index-test.php(92): Account::is_can_login()

[cp][DEBUG][2015-01-12 10:03:25.791720 +0800][192.168.1.38][cp.sudongdong.xqzuche.com][192.168.1.72][44033][d530103bdfa208c81fa3e39d4162879a][GET][/cp][215.26598930359][47.639846801758][/home/work/website/sudongdong/lib/ndb/MysqlDb.php:59][9.1mb][][][521665] [DB:icars_sx][SQL:SELECT * FROM user WHERE id = '521665' LIMIT 1]
#0 /home/work/website/sudongdong/lib/ndb/MysqlDb.php(59): call_user_func("Logger::debug", "[DB:icars_sx][SQL:SELECT * FROM user WHERE id = '521665' LIMIT 1]")
#1 /home/work/website/sudongdong/lib/ndb/MysqlDb.php(263): MysqlDb->writeLog(["SELECT * FROM user WHERE id = '521665' LIMIT 1"])
#2 /home/work/website/sudongdong/lib/ndb/DbImpl.php(698): MysqlDb->query(["SELECT * FROM user WHERE id = '521665' LIMIT 1",[]])
#3 /home/work/website/sudongdong/lib/db.php(150): DbImpl->queryBySql("SELECT * FROM user WHERE id = '521665' LIMIT 1", [])
#4 /home/work/website/sudongdong/lib/db.php(558): DB->exec("SELECT * FROM user WHERE id = '521665' LIMIT 1;")
#5 /home/work/website/sudongdong/lib/db.php(603): Axon->select("*", "id = '521665'", null, null, 1, 0, true)
#6 /home/work/website/sudongdong/lib/db.php(629): Axon->find("id = '521665'", null, 1, 0)
#7 /home/work/website/sudongdong/lib/db.php(691): Axon->findone("id = '521665'", null, 0)
#8 /home/work/website/sudongdong/modules/Account.php(290): Axon->load("id = '521665'")
#9 /home/work/website/sudongdong/modules/Account.php(316): Account::the_user_type(0)
#10 /home/work/website/sudongdong/site/cp/actions/CP_Home.php(56): Account::is_admin()
#11 nofile(noline): CP_Home->beforeRoute()
#12 /home/work/website/sudongdong/lib/base.php(1274): call_user_func([{},"beforeRoute"])
#13 /home/work/website/sudongdong/lib/base.php(1422): F3::call("CP_Home->index", true)
#14 /home/work/website/sudongdong/site/cp/index-test.php(99): F3::run()
[cp][DEBUG][2015-01-12 10:03:25.795862 +0800][192.168.1.38][cp.sudongdong.xqzuche.com][192.168.1.72][44033][d530103bdfa208c81fa3e39d4162879a][GET][/cp][219.40803527832][4.1420459747314][/ho
me/work/website/sudongdong/modules/Account.php:298][9.1mb][][][521665] the_user_type, uid=521665, hr=admin
#0 /home/work/website/sudongdong/modules/Account.php(316): Account::the_user_type(0)
#1 /home/work/website/sudongdong/site/cp/actions/CP_Home.php(56): Account::is_admin()
#2 nofile(noline): CP_Home->beforeRoute()
#3 /home/work/website/sudongdong/lib/base.php(1274): call_user_func([{},"beforeRoute"])
#4 /home/work/website/sudongdong/lib/base.php(1422): F3::call("CP_Home->index", true)
#5 /home/work/website/sudongdong/site/cp/index-test.php(99): F3::run()

[cp][DEBUG][2015-01-12 10:03:25.802203 +0800][192.168.1.38][cp.sudongdong.xqzuche.com][192.168.1.72][44033][d530103bdfa208c81fa3e39d4162879a][GET][/cp][225.74901580811][6.3409805297852][/home/work/website/sudongdong/lib/ndb/MysqlDb.php:59][9.25mb][][][521665] [DB:icars_sx][SQL:SELECT cua.city    FROM cp_ugroup_user AS cuu LEFT JOIN cp_ugroup_access AS cua     ON cuu.gid=cua.gid    WHERE cuu.uid=521665    ORDER BY cua.city    ]
#0 /home/work/website/sudongdong/lib/ndb/MysqlDb.php(59): call_user_func("Logger::debug", "[DB:icars_sx][SQL:SELECT cua.city    FROM cp_ugroup_user AS cuu LEFT JOIN cp_ugroup_access AS cua
    ON cuu.gid=cua.gid    WHERE cuu.uid=521665    ORDER BY cua.city    ]")
#1 /home/work/website/sudongdong/lib/ndb/MysqlDb.php(263): MysqlDb->writeLog(["SELECT cua.city\n\t\t\t\tFROM cp_ugroup_user AS cuu LEFT JOIN cp_ugroup_access AS cua \n\t\t\t\tON cuu.gid=cua
.gid\n\t\t\t\tWHERE cuu.uid=521665\n\t\t\t\tORDER BY cua.city\n\t\t\t\t"])
#2 /home/work/website/sudongdong/lib/ndb/DbImpl.php(698): MysqlDb->query(["SELECT cua.city\n\t\t\t\tFROM cp_ugroup_user AS cuu LEFT JOIN cp_ugroup_access AS cua \n\t\t\t\tON cuu.gid=cua.gid
\n\t\t\t\tWHERE cuu.uid=521665\n\t\t\t\tORDER BY cua.city\n\t\t\t\t",[]])
#3 /home/work/website/sudongdong/lib/db.php(150): DbImpl->queryBySql("SELECT cua.city    FROM cp_ugroup_user AS cuu LEFT JOIN cp_ugroup_access AS cua     ON cuu.gid=cua.gid    WHERE cuu.uid
=521665    ORDER BY cua.city", [])
#4 /home/work/website/sudongdong/lib/db.php(238): DB->exec("SELECT cua.city    FROM cp_ugroup_user AS cuu LEFT JOIN cp_ugroup_access AS cua     ON cuu.gid=cua.gid    WHERE cuu.uid=521665
 ORDER BY cua.city", null)
#5 /home/work/website/sudongdong/modules/CpUgroup.php(90): DB::sql("SELECT cua.city    FROM cp_ugroup_user AS cuu LEFT JOIN cp_ugroup_access AS cua     ON cuu.gid=cua.gid    WHERE cuu.uid=5
21665    ORDER BY cua.city")
#6 /home/work/website/sudongdong/modules/CP.php(80): CpUgroup::get_available_cities()
#7 /home/work/website/sudongdong/site/cp/actions/CP_Home.php(72): CP::init_city()
#8 nofile(noline): CP_Home->beforeRoute()
#9 /home/work/website/sudongdong/lib/base.php(1274): call_user_func([{},"beforeRoute"])
#10 /home/work/website/sudongdong/lib/base.php(1422): F3::call("CP_Home->index", true)
#11 /home/work/website/sudongdong/site/cp/index-test.php(99): F3::run()

[cp][DEBUG][2015-01-12 10:03:25.795862 +0800][192.168.1.38][cp.sudongdong.xqzuche.com][192.168.1.72][44033][d530103bdfa208c81fa3e39d4162879a][GET][/cp][219.40803527832][4.1420459747314][/ho
me/work/website/sudongdong/modules/Account.php:298][9.1mb][][][521665] the_user_type, uid=521665, hr=admin
#0 /home/work/website/sudongdong/modules/Account.php(316): Account::the_user_type(0)
#1 /home/work/website/sudongdong/site/cp/actions/CP_Home.php(56): Account::is_admin()
#2 nofile(noline): CP_Home->beforeRoute()
#3 /home/work/website/sudongdong/lib/base.php(1274): call_user_func([{},"beforeRoute"])
#4 /home/work/website/sudongdong/lib/base.php(1422): F3::call("CP_Home->index", true)
#5 /home/work/website/sudongdong/site/cp/index-test.php(99): F3::run()

[cp][DEBUG][2015-01-12 10:03:25.802203 +0800][192.168.1.38][cp.sudongdong.xqzuche.com][192.168.1.72][44033][d530103bdfa208c81fa3e39d4162879a][GET][/cp][225.74901580811][6.3409805297852][/ho
me/work/website/sudongdong/lib/ndb/MysqlDb.php:59][9.25mb][][][521665] [DB:icars_sx][SQL:SELECT cua.city    FROM cp_ugroup_user AS cuu LEFT JOIN cp_ugroup_access AS cua     ON cuu.gid=cua.g
id    WHERE cuu.uid=521665    ORDER BY cua.city    ]
#0 /home/work/website/sudongdong/lib/ndb/MysqlDb.php(59): call_user_func("Logger::debug", "[DB:icars_sx][SQL:SELECT cua.city    FROM cp_ugroup_user AS cuu LEFT JOIN cp_ugroup_access AS cua
    ON cuu.gid=cua.gid    WHERE cuu.uid=521665    ORDER BY cua.city    ]")
#1 /home/work/website/sudongdong/lib/ndb/MysqlDb.php(263): MysqlDb->writeLog(["SELECT cua.city\n\t\t\t\tFROM cp_ugroup_user AS cuu LEFT JOIN cp_ugroup_access AS cua \n\t\t\t\tON cuu.gid=cua
.gid\n\t\t\t\tWHERE cuu.uid=521665\n\t\t\t\tORDER BY cua.city\n\t\t\t\t"])
#2 /home/work/website/sudongdong/lib/ndb/DbImpl.php(698): MysqlDb->query(["SELECT cua.city\n\t\t\t\tFROM cp_ugroup_user AS cuu LEFT JOIN cp_ugroup_access AS cua \n\t\t\t\tON cuu.gid=cua.gid
\n\t\t\t\tWHERE cuu.uid=521665\n\t\t\t\tORDER BY cua.city\n\t\t\t\t",[]])
#3 /home/work/website/sudongdong/lib/db.php(150): DbImpl->queryBySql("SELECT cua.city    FROM cp_ugroup_user AS cuu LEFT JOIN cp_ugroup_access AS cua     ON cuu.gid=cua.gid    WHERE cuu.uid
=521665    ORDER BY cua.city", [])
#4 /home/work/website/sudongdong/lib/db.php(238): DB->exec("SELECT cua.city    FROM cp_ugroup_user AS cuu LEFT JOIN cp_ugroup_access AS cua     ON cuu.gid=cua.gid    WHERE cuu.uid=521665
 ORDER BY cua.city", null)
#5 /home/work/website/sudongdong/modules/CpUgroup.php(90): DB::sql("SELECT cua.city    FROM cp_ugroup_user AS cuu LEFT JOIN cp_ugroup_access AS cua     ON cuu.gid=cua.gid    WHERE cuu.uid=5
21665    ORDER BY cua.city")
#6 /home/work/website/sudongdong/modules/CP.php(80): CpUgroup::get_available_cities()
#7 /home/work/website/sudongdong/site/cp/actions/CP_Home.php(72): CP::init_city()
#8 nofile(noline): CP_Home->beforeRoute()
#9 /home/work/website/sudongdong/lib/base.php(1274): call_user_func([{},"beforeRoute"])
#10 /home/work/website/sudongdong/lib/base.php(1422): F3::call("CP_Home->index", true)
#11 /home/work/website/sudongdong/site/cp/index-test.php(99): F3::run()
[cp][DEBUG][2015-01-12 10:03:25.795862 +0800][192.168.1.38][cp.sudongdong.xqzuche.com][192.168.1.72][44033][d530103bdfa208c81fa3e39d4162879a][GET][/cp][219.40803527832][4.1420459747314][/ho
me/work/website/sudongdong/modules/Account.php:298][9.1mb][][][521665] the_user_type, uid=521665, hr=admin
#0 /home/work/website/sudongdong/modules/Account.php(316): Account::the_user_type(0)
#1 /home/work/website/sudongdong/site/cp/actions/CP_Home.php(56): Account::is_admin()
#2 nofile(noline): CP_Home->beforeRoute()
#3 /home/work/website/sudongdong/lib/base.php(1274): call_user_func([{},"beforeRoute"])
#4 /home/work/website/sudongdong/lib/base.php(1422): F3::call("CP_Home->index", true)
#5 /home/work/website/sudongdong/site/cp/index-test.php(99): F3::run()