2016-09-28 11:00:37.781 [] [] INFO [main] <TestLog.java [14] - main> <This is info message.>
2016-09-28 11:00:37.781 [] [] ERROR [main] <TestLog.java [16] - main> <This is error message.>
2016-09-28 11:01:13.349 [] [] INFO [main] <TestLog.java [14] - main> <This is info message.>
2016-09-28 11:01:13.349 [] [] ERROR [main] <TestLog.java [16] - main> <This is error message.>
2016-09-28 11:24:03.707 [] [] INFO [main] <TestLog.java [14] - main> <This is info message.>
2016-09-28 11:24:03.711 [] [] ERROR [main] <TestLog.java [16] - main> <This is error message.>
2016-09-28 11:27:53.742 [] [] INFO [qtp1517758613-17] <Sniff.java [25] - doGet> <This is info message.>
2016-09-28 11:27:53.748 [] [] ERROR [qtp1517758613-17] <Sniff.java [27] - doGet> <This is error message.>
2016-09-28 11:28:51.644 [] [] INFO [qtp1517758613-22] <Sniff.java [25] - doGet> <This is info message.>
2016-09-28 11:28:51.645 [] [] ERROR [qtp1517758613-22] <Sniff.java [27] - doGet> <This is error message.>
2016-09-28 11:29:11.924 [] [] INFO [qtp1791267914-20] <Sniff.java [25] - doGet> <This is info message.>
2016-09-28 11:29:11.924 [] [] ERROR [qtp1791267914-20] <Sniff.java [27] - doGet> <This is error message.>
2016-09-28 11:33:30.762 [] [] INFO [qtp1791267914-17] <Sniff.java [25] - doGet> <This is info message.>
2016-09-28 11:33:30.764 [] [] ERROR [qtp1791267914-17] <Sniff.java [27] - doGet> <This is error message.>
2016-09-28 11:33:31.737 [] [] INFO [qtp1791267914-21] <Sniff.java [25] - doGet> <This is info message.>
2016-09-28 11:33:31.739 [] [] ERROR [qtp1791267914-21] <Sniff.java [27] - doGet> <This is error message.>
2016-09-28 11:33:32.736 [] [] INFO [qtp1791267914-18] <Sniff.java [25] - doGet> <This is info message.>
2016-09-28 11:33:32.738 [] [] ERROR [qtp1791267914-18] <Sniff.java [27] - doGet> <This is error message.>
2016-09-28 11:33:33.738 [] [] INFO [qtp1791267914-21] <Sniff.java [25] - doGet> <This is info message.>
2016-09-28 11:33:33.739 [] [] ERROR [qtp1791267914-21] <Sniff.java [27] - doGet> <This is error message.>
2016-09-28 11:33:34.739 [] [] INFO [qtp1791267914-18] <Sniff.java [25] - doGet> <This is info message.>
2016-09-28 11:33:34.740 [] [] ERROR [qtp1791267914-18] <Sniff.java [27] - doGet> <This is error message.>
2016-09-28 11:33:35.749 [] [] INFO [qtp1791267914-21] <Sniff.java [25] - doGet> <This is info message.>
2016-09-28 11:33:35.750 [] [] ERROR [qtp1791267914-21] <Sniff.java [27] - doGet> <This is error message.>
2016-09-28 11:33:36.738 [] [] INFO [qtp1791267914-18] <Sniff.java [25] - doGet> <This is info message.>
2016-09-28 11:33:36.739 [] [] ERROR [qtp1791267914-18] <Sniff.java [27] - doGet> <This is error message.>
2016-09-28 11:33:37.739 [] [] INFO [qtp1791267914-21] <Sniff.java [25] - doGet> <This is info message.>
2016-09-28 11:33:37.740 [] [] ERROR [qtp1791267914-21] <Sniff.java [27] - doGet> <This is error message.>
2016-09-28 11:33:38.732 [] [] INFO [qtp1791267914-18] <Sniff.java [25] - doGet> <This is info message.>
2016-09-28 11:33:38.732 [] [] ERROR [qtp1791267914-18] <Sniff.java [27] - doGet> <This is error message.>
2016-09-28 11:33:39.737 [] [] INFO [qtp1791267914-19] <Sniff.java [25] - doGet> <This is info message.>
2016-09-28 11:33:39.739 [] [] ERROR [qtp1791267914-19] <Sniff.java [27] - doGet> <This is error message.>
2016-09-28 11:33:40.737 [] [] INFO [qtp1791267914-17] <Sniff.java [25] - doGet> <This is info message.>
2016-09-28 11:33:40.737 [] [] ERROR [qtp1791267914-17] <Sniff.java [27] - doGet> <This is error message.>
2016-09-28 11:33:41.737 [] [] INFO [qtp1791267914-19] <Sniff.java [25] - doGet> <This is info message.>
2016-09-28 11:33:41.738 [] [] ERROR [qtp1791267914-19] <Sniff.java [27] - doGet> <This is error message.>
2016-09-28 11:33:42.736 [] [] INFO [qtp1791267914-18] <Sniff.java [25] - doGet> <This is info message.>
2016-09-28 11:33:42.737 [] [] ERROR [qtp1791267914-18] <Sniff.java [27] - doGet> <This is error message.>
2016-09-28 11:33:43.737 [] [] INFO [qtp1791267914-19] <Sniff.java [25] - doGet> <This is info message.>
2016-09-28 11:33:43.738 [] [] ERROR [qtp1791267914-19] <Sniff.java [27] - doGet> <This is error message.>
2016-09-28 11:33:44.738 [] [] INFO [qtp1791267914-17] <Sniff.java [25] - doGet> <This is info message.>
2016-09-28 11:33:44.739 [] [] ERROR [qtp1791267914-17] <Sniff.java [27] - doGet> <This is error message.>
2016-09-28 11:33:45.733 [] [] INFO [qtp1791267914-21] <Sniff.java [25] - doGet> <This is info message.>
2016-09-28 11:33:45.733 [] [] ERROR [qtp1791267914-21] <Sniff.java [27] - doGet> <This is error message.>
2016-09-28 11:33:46.738 [] [] INFO [qtp1791267914-18] <Sniff.java [25] - doGet> <This is info message.>
2016-09-28 11:33:46.739 [] [] ERROR [qtp1791267914-18] <Sniff.java [27] - doGet> <This is error message.>
2016-09-28 11:33:47.736 [] [] INFO [qtp1791267914-19] <Sniff.java [25] - doGet> <This is info message.>
2016-09-28 11:33:47.737 [] [] ERROR [qtp1791267914-19] <Sniff.java [27] - doGet> <This is error message.>
2016-09-28 11:33:48.736 [] [] INFO [qtp1791267914-18] <Sniff.java [25] - doGet> <This is info message.>
2016-09-28 11:33:48.737 [] [] ERROR [qtp1791267914-18] <Sniff.java [27] - doGet> <This is error message.>
2016-09-28 11:33:49.737 [] [] INFO [qtp1791267914-19] <Sniff.java [25] - doGet> <This is info message.>
2016-09-28 11:33:49.738 [] [] ERROR [qtp1791267914-19] <Sniff.java [27] - doGet> <This is error message.>
2016-09-28 11:33:50.737 [] [] INFO [qtp1791267914-18] <Sniff.java [25] - doGet> <This is info message.>
2016-09-28 11:33:50.738 [] [] ERROR [qtp1791267914-18] <Sniff.java [27] - doGet> <This is error message.>
2016-09-28 11:33:51.738 [] [] INFO [qtp1791267914-21] <Sniff.java [25] - doGet> <This is info message.>
2016-09-28 11:33:51.739 [] [] ERROR [qtp1791267914-21] <Sniff.java [27] - doGet> <This is error message.>
2016-09-28 11:33:52.737 [] [] INFO [qtp1791267914-17] <Sniff.java [25] - doGet> <This is info message.>
2016-09-28 11:33:52.738 [] [] ERROR [qtp1791267914-17] <Sniff.java [27] - doGet> <This is error message.>
2016-09-28 11:33:53.736 [] [] INFO [qtp1791267914-19] <Sniff.java [25] - doGet> <This is info message.>
2016-09-28 11:33:53.737 [] [] ERROR [qtp1791267914-19] <Sniff.java [27] - doGet> <This is error message.>
2016-09-28 11:33:54.737 [] [] INFO [qtp1791267914-17] <Sniff.java [25] - doGet> <This is info message.>
2016-09-28 11:33:54.738 [] [] ERROR [qtp1791267914-17] <Sniff.java [27] - doGet> <This is error message.>
2016-09-28 11:33:55.738 [] [] INFO [qtp1791267914-21] <Sniff.java [25] - doGet> <This is info message.>
2016-09-28 11:33:55.740 [] [] ERROR [qtp1791267914-21] <Sniff.java [27] - doGet> <This is error message.>
2016-09-28 11:33:56.737 [] [] INFO [qtp1791267914-17] <Sniff.java [25] - doGet> <This is info message.>
2016-09-28 11:33:56.738 [] [] ERROR [qtp1791267914-17] <Sniff.java [27] - doGet> <This is error message.>
2016-09-28 11:33:57.732 [] [] INFO [qtp1791267914-21] <Sniff.java [25] - doGet> <This is info message.>
2016-09-28 11:33:57.732 [] [] ERROR [qtp1791267914-21] <Sniff.java [27] - doGet> <This is error message.>
2016-09-28 11:33:58.733 [] [] INFO [qtp1791267914-18] <Sniff.java [25] - doGet> <This is info message.>
2016-09-28 11:33:58.733 [] [] ERROR [qtp1791267914-18] <Sniff.java [27] - doGet> <This is error message.>
2016-09-28 11:33:59.735 [] [] INFO [qtp1791267914-19] <Sniff.java [25] - doGet> <This is info message.>
2016-09-28 11:33:59.737 [] [] ERROR [qtp1791267914-19] <Sniff.java [27] - doGet> <This is error message.>
2016-09-28 11:34:00.738 [] [] INFO [qtp1791267914-18] <Sniff.java [25] - doGet> <This is info message.>
2016-09-28 11:34:00.739 [] [] ERROR [qtp1791267914-18] <Sniff.java [27] - doGet> <This is error message.>
2016-09-28 11:34:01.735 [] [] INFO [qtp1791267914-19] <Sniff.java [25] - doGet> <This is info message.>
2016-09-28 11:34:01.736 [] [] ERROR [qtp1791267914-19] <Sniff.java [27] - doGet> <This is error message.>
2016-09-28 11:34:02.732 [] [] INFO [qtp1791267914-17] <Sniff.java [25] - doGet> <This is info message.>
2016-09-28 11:34:02.732 [] [] ERROR [qtp1791267914-17] <Sniff.java [27] - doGet> <This is error message.>
2016-09-28 11:34:03.736 [] [] INFO [qtp1791267914-21] <Sniff.java [25] - doGet> <This is info message.>
2016-09-28 11:34:03.737 [] [] ERROR [qtp1791267914-21] <Sniff.java [27] - doGet> <This is error message.>
2016-09-28 11:34:04.736 [] [] INFO [qtp1791267914-18] <Sniff.java [25] - doGet> <This is info message.>
2016-09-28 11:34:04.736 [] [] ERROR [qtp1791267914-18] <Sniff.java [27] - doGet> <This is error message.>
2016-09-28 11:34:05.736 [] [] INFO [qtp1791267914-19] <Sniff.java [25] - doGet> <This is info message.>
2016-09-28 11:34:05.737 [] [] ERROR [qtp1791267914-19] <Sniff.java [27] - doGet> <This is error message.>
2016-09-28 11:34:06.733 [] [] INFO [qtp1791267914-17] <Sniff.java [25] - doGet> <This is info message.>
2016-09-28 11:34:06.733 [] [] ERROR [qtp1791267914-17] <Sniff.java [27] - doGet> <This is error message.>
2016-09-28 11:34:07.735 [] [] INFO [qtp1791267914-21] <Sniff.java [25] - doGet> <This is info message.>
2016-09-28 11:34:07.736 [] [] ERROR [qtp1791267914-21] <Sniff.java [27] - doGet> <This is error message.>
2016-09-28 11:34:08.736 [] [] INFO [qtp1791267914-17] <Sniff.java [25] - doGet> <This is info message.>
2016-09-28 11:34:08.737 [] [] ERROR [qtp1791267914-17] <Sniff.java [27] - doGet> <This is error message.>
2016-09-28 11:34:09.739 [] [] INFO [qtp1791267914-19] <Sniff.java [25] - doGet> <This is info message.>
2016-09-28 11:34:09.740 [] [] ERROR [qtp1791267914-19] <Sniff.java [27] - doGet> <This is error message.>
2016-09-28 11:34:10.736 [] [] INFO [qtp1791267914-18] <Sniff.java [25] - doGet> <This is info message.>
2016-09-28 11:34:10.736 [] [] ERROR [qtp1791267914-18] <Sniff.java [27] - doGet> <This is error message.>
2016-09-28 11:34:11.737 [] [] INFO [qtp1791267914-19] <Sniff.java [25] - doGet> <This is info message.>
2016-09-28 11:34:11.737 [] [] ERROR [qtp1791267914-19] <Sniff.java [27] - doGet> <This is error message.>
2016-09-28 11:34:12.736 [] [] INFO [qtp1791267914-18] <Sniff.java [25] - doGet> <This is info message.>
2016-09-28 11:34:12.737 [] [] ERROR [qtp1791267914-18] <Sniff.java [27] - doGet> <This is error message.>
2016-09-28 11:34:13.736 [] [] INFO [qtp1791267914-19] <Sniff.java [25] - doGet> <This is info message.>
2016-09-28 11:34:13.736 [] [] ERROR [qtp1791267914-19] <Sniff.java [27] - doGet> <This is error message.>
2016-09-28 11:34:14.735 [] [] INFO [qtp1791267914-18] <Sniff.java [25] - doGet> <This is info message.>
2016-09-28 11:34:14.736 [] [] ERROR [qtp1791267914-18] <Sniff.java [27] - doGet> <This is error message.>
2016-09-28 11:34:15.737 [] [] INFO [qtp1791267914-19] <Sniff.java [25] - doGet> <This is info message.>
2016-09-28 11:34:15.737 [] [] ERROR [qtp1791267914-19] <Sniff.java [27] - doGet> <This is error message.>
2016-09-28 11:34:16.731 [] [] INFO [qtp1791267914-18] <Sniff.java [25] - doGet> <This is info message.>
2016-09-28 11:34:16.732 [] [] ERROR [qtp1791267914-18] <Sniff.java [27] - doGet> <This is error message.>
2016-09-28 11:34:17.735 [] [] INFO [qtp1791267914-19] <Sniff.java [25] - doGet> <This is info message.>
2016-09-28 11:34:17.735 [] [] ERROR [qtp1791267914-19] <Sniff.java [27] - doGet> <This is error message.>
2016-09-28 11:34:18.735 [] [] INFO [qtp1791267914-17] <Sniff.java [25] - doGet> <This is info message.>
2016-09-28 11:34:18.736 [] [] ERROR [qtp1791267914-17] <Sniff.java [27] - doGet> <This is error message.>
2016-09-28 11:34:19.738 [] [] INFO [qtp1791267914-19] <Sniff.java [25] - doGet> <This is info message.>
2016-09-28 11:34:19.739 [] [] ERROR [qtp1791267914-19] <Sniff.java [27] - doGet> <This is error message.>
2016-09-28 11:34:20.735 [] [] INFO [qtp1791267914-18] <Sniff.java [25] - doGet> <This is info message.>
2016-09-28 11:34:20.735 [] [] ERROR [qtp1791267914-18] <Sniff.java [27] - doGet> <This is error message.>
2016-09-28 11:34:21.736 [] [] INFO [qtp1791267914-19] <Sniff.java [25] - doGet> <This is info message.>
2016-09-28 11:34:21.737 [] [] ERROR [qtp1791267914-19] <Sniff.java [27] - doGet> <This is error message.>
2016-09-28 11:34:22.736 [] [] INFO [qtp1791267914-17] <Sniff.java [25] - doGet> <This is info message.>
2016-09-28 11:34:22.737 [] [] ERROR [qtp1791267914-17] <Sniff.java [27] - doGet> <This is error message.>
2016-09-28 11:34:23.737 [] [] INFO [qtp1791267914-21] <Sniff.java [25] - doGet> <This is info message.>
2016-09-28 11:34:23.737 [] [] ERROR [qtp1791267914-21] <Sniff.java [27] - doGet> <This is error message.>
2016-09-28 11:34:24.734 [] [] INFO [qtp1791267914-18] <Sniff.java [25] - doGet> <This is info message.>
2016-09-28 11:34:24.734 [] [] ERROR [qtp1791267914-18] <Sniff.java [27] - doGet> <This is error message.>
2016-09-28 11:34:25.737 [] [] INFO [qtp1791267914-21] <Sniff.java [25] - doGet> <This is info message.>
2016-09-28 11:34:25.737 [] [] ERROR [qtp1791267914-21] <Sniff.java [27] - doGet> <This is error message.>
2016-09-28 11:34:26.736 [] [] INFO [qtp1791267914-18] <Sniff.java [25] - doGet> <This is info message.>
2016-09-28 11:34:26.737 [] [] ERROR [qtp1791267914-18] <Sniff.java [27] - doGet> <This is error message.>
2016-09-28 11:34:27.730 [] [] INFO [qtp1791267914-21] <Sniff.java [25] - doGet> <This is info message.>
2016-09-28 11:34:27.730 [] [] ERROR [qtp1791267914-21] <Sniff.java [27] - doGet> <This is error message.>
2016-09-28 11:34:28.736 [] [] INFO [qtp1791267914-18] <Sniff.java [25] - doGet> <This is info message.>
2016-09-28 11:34:28.736 [] [] ERROR [qtp1791267914-18] <Sniff.java [27] - doGet> <This is error message.>
2016-09-28 11:35:52.606 [] [] INFO [qtp1517758613-17] <Sniff.java [25] - doGet> <This is info message.>
2016-09-28 11:35:52.606 [] [] ERROR [qtp1517758613-17] <Sniff.java [27] - doGet> <This is error message.>
2016-09-28 11:35:53.582 [] [] INFO [qtp1517758613-22] <Sniff.java [25] - doGet> <This is info message.>
2016-09-28 11:35:53.583 [] [] ERROR [qtp1517758613-22] <Sniff.java [27] - doGet> <This is error message.>
2016-09-28 11:35:54.369 [] [] INFO [qtp1517758613-18] <Sniff.java [25] - doGet> <This is info message.>
2016-09-28 11:35:54.370 [] [] ERROR [qtp1517758613-18] <Sniff.java [27] - doGet> <This is error message.>
2016-09-28 11:35:54.736 [] [] INFO [qtp1517758613-17] <Sniff.java [25] - doGet> <This is info message.>
2016-09-28 11:35:54.737 [] [] ERROR [qtp1517758613-17] <Sniff.java [27] - doGet> <This is error message.>
2016-09-28 11:35:55.731 [] [] INFO [qtp1517758613-20] <Sniff.java [25] - doGet> <This is info message.>
2016-09-28 11:35:55.731 [] [] ERROR [qtp1517758613-20] <Sniff.java [27] - doGet> <This is error message.>
2016-09-28 11:35:56.063 [] [] INFO [qtp1517758613-17] <Sniff.java [25] - doGet> <This is info message.>
2016-09-28 11:35:56.063 [] [] ERROR [qtp1517758613-17] <Sniff.java [27] - doGet> <This is error message.>
2016-09-28 11:35:58.060 [] [] INFO [qtp1517758613-22] <Sniff.java [25] - doGet> <This is info message.>
2016-09-28 11:35:58.061 [] [] ERROR [qtp1517758613-22] <Sniff.java [27] - doGet> <This is error message.>
2016-09-28 11:36:00.064 [] [] INFO [qtp1517758613-21] <Sniff.java [25] - doGet> <This is info message.>
2016-09-28 11:36:00.066 [] [] ERROR [qtp1517758613-21] <Sniff.java [27] - doGet> <This is error message.>
2016-09-28 11:36:02.065 [] [] INFO [qtp1517758613-19] <Sniff.java [25] - doGet> <This is info message.>
2016-09-28 11:36:02.066 [] [] ERROR [qtp1517758613-19] <Sniff.java [27] - doGet> <This is error message.>
2016-09-28 11:36:04.064 [] [] INFO [qtp1517758613-17] <Sniff.java [25] - doGet> <This is info message.>
2016-09-28 11:36:04.065 [] [] ERROR [qtp1517758613-17] <Sniff.java [27] - doGet> <This is error message.>
2016-09-28 11:36:06.066 [] [] INFO [qtp1517758613-22] <Sniff.java [25] - doGet> <This is info message.>
2016-09-28 11:36:06.067 [] [] ERROR [qtp1517758613-22] <Sniff.java [27] - doGet> <This is error message.>
2016-09-28 11:36:07.318 [] [] INFO [qtp1517758613-20] <Sniff.java [25] - doGet> <This is info message.>
2016-09-28 11:36:07.318 [] [] ERROR [qtp1517758613-20] <Sniff.java [27] - doGet> <This is error message.>
2016-09-28 11:36:09.323 [] [] INFO [qtp1517758613-22] <Sniff.java [25] - doGet> <This is info message.>
2016-09-28 11:36:09.324 [] [] ERROR [qtp1517758613-22] <Sniff.java [27] - doGet> <This is error message.>
2016-09-28 11:36:11.322 [] [] INFO [qtp1517758613-18] <Sniff.java [25] - doGet> <This is info message.>
2016-09-28 11:36:11.323 [] [] ERROR [qtp1517758613-18] <Sniff.java [27] - doGet> <This is error message.>
2016-09-28 11:36:13.322 [] [] INFO [qtp1517758613-20] <Sniff.java [25] - doGet> <This is info message.>
2016-09-28 11:36:13.323 [] [] ERROR [qtp1517758613-20] <Sniff.java [27] - doGet> <This is error message.>
2016-09-28 11:36:15.322 [] [] INFO [qtp1517758613-21] <Sniff.java [25] - doGet> <This is info message.>
2016-09-28 11:36:15.324 [] [] ERROR [qtp1517758613-21] <Sniff.java [27] - doGet> <This is error message.>
2016-09-28 11:36:17.318 [] [] INFO [qtp1517758613-19] <Sniff.java [25] - doGet> <This is info message.>
2016-09-28 11:36:17.320 [] [] ERROR [qtp1517758613-19] <Sniff.java [27] - doGet> <This is error message.>
2016-09-28 11:36:19.321 [] [] INFO [qtp1517758613-18] <Sniff.java [25] - doGet> <This is info message.>
2016-09-28 11:36:19.322 [] [] ERROR [qtp1517758613-18] <Sniff.java [27] - doGet> <This is error message.>
2016-09-28 11:36:21.324 [] [] INFO [qtp1517758613-22] <Sniff.java [25] - doGet> <This is info message.>
2016-09-28 11:36:21.324 [] [] ERROR [qtp1517758613-22] <Sniff.java [27] - doGet> <This is error message.>
2016-09-28 11:43:37.636 [] [] INFO [qtp1791267914-16] <Sniff.java [32] - doGet> <This is info message.>
2016-09-28 11:43:37.636 [] [] ERROR [qtp1791267914-16] <Sniff.java [34] - doGet> <This is error message.>
2016-09-28 11:43:37.643 [] [] INFO [qtp1791267914-20] <Sniff.java [32] - doGet> <This is info message.>
2016-09-28 11:43:37.643 [] [] ERROR [qtp1791267914-20] <Sniff.java [34] - doGet> <This is error message.>
2016-09-28 11:43:39.570 [] [] INFO [qtp1791267914-19] <Sniff.java [32] - doGet> <This is info message.>
2016-09-28 11:43:39.580 [] [] ERROR [qtp1791267914-19] <Sniff.java [34] - doGet> <This is error message.>
2016-09-28 11:43:41.573 [] [] INFO [qtp1791267914-16] <Sniff.java [32] - doGet> <This is info message.>
2016-09-28 11:43:41.574 [] [] ERROR [qtp1791267914-16] <Sniff.java [34] - doGet> <This is error message.>
2016-09-28 11:43:43.566 [] [] INFO [qtp1791267914-22] <Sniff.java [32] - doGet> <This is info message.>
2016-09-28 11:43:43.575 [] [] ERROR [qtp1791267914-22] <Sniff.java [34] - doGet> <This is error message.>
2016-09-28 11:43:45.586 [] [] INFO [qtp1791267914-18] <Sniff.java [32] - doGet> <This is info message.>
2016-09-28 11:43:45.587 [] [] ERROR [qtp1791267914-18] <Sniff.java [34] - doGet> <This is error message.>
2016-09-28 11:43:47.572 [] [] INFO [qtp1791267914-20] <Sniff.java [32] - doGet> <This is info message.>
2016-09-28 11:43:47.574 [] [] ERROR [qtp1791267914-20] <Sniff.java [34] - doGet> <This is error message.>
2016-09-28 11:43:49.572 [] [] INFO [qtp1791267914-20] <Sniff.java [32] - doGet> <This is info message.>
2016-09-28 11:43:49.574 [] [] ERROR [qtp1791267914-20] <Sniff.java [34] - doGet> <This is error message.>
2016-09-28 11:43:51.566 [] [] INFO [qtp1791267914-16] <Sniff.java [32] - doGet> <This is info message.>
2016-09-28 11:43:51.573 [] [] ERROR [qtp1791267914-16] <Sniff.java [34] - doGet> <This is error message.>
2016-09-28 11:43:53.577 [] [] INFO [qtp1791267914-21] <Sniff.java [32] - doGet> <This is info message.>
2016-09-28 11:43:53.581 [] [] ERROR [qtp1791267914-21] <Sniff.java [34] - doGet> <This is error message.>
2016-09-28 11:43:55.578 [] [] INFO [qtp1791267914-19] <Sniff.java [32] - doGet> <This is info message.>
2016-09-28 11:43:55.589 [] [] ERROR [qtp1791267914-19] <Sniff.java [34] - doGet> <This is error message.>
2016-09-28 11:43:57.578 [] [] INFO [qtp1791267914-18] <Sniff.java [32] - doGet> <This is info message.>
2016-09-28 11:43:57.578 [] [] ERROR [qtp1791267914-18] <Sniff.java [34] - doGet> <This is error message.>
2016-09-28 11:43:59.573 [] [] INFO [qtp1791267914-16] <Sniff.java [32] - doGet> <This is info message.>
2016-09-28 11:43:59.574 [] [] ERROR [qtp1791267914-16] <Sniff.java [34] - doGet> <This is error message.>
2016-09-28 11:44:01.583 [] [] INFO [qtp1791267914-21] <Sniff.java [32] - doGet> <This is info message.>
2016-09-28 11:44:01.583 [] [] ERROR [qtp1791267914-21] <Sniff.java [34] - doGet> <This is error message.>
2016-09-28 11:44:03.570 [] [] INFO [qtp1791267914-22] <Sniff.java [32] - doGet> <This is info message.>
2016-09-28 11:44:03.571 [] [] ERROR [qtp1791267914-22] <Sniff.java [34] - doGet> <This is error message.>
2016-09-28 11:44:05.571 [] [] INFO [qtp1791267914-18] <Sniff.java [32] - doGet> <This is info message.>
2016-09-28 11:44:05.572 [] [] ERROR [qtp1791267914-18] <Sniff.java [34] - doGet> <This is error message.>
2016-09-28 11:44:07.574 [] [] INFO [qtp1791267914-20] <Sniff.java [32] - doGet> <This is info message.>
2016-09-28 11:44:07.576 [] [] ERROR [qtp1791267914-20] <Sniff.java [34] - doGet> <This is error message.>
2016-09-28 11:44:09.526 [] [] INFO [qtp1791267914-16] <Sniff.java [32] - doGet> <This is info message.>
2016-09-28 11:44:09.527 [] [] ERROR [qtp1791267914-16] <Sniff.java [34] - doGet> <This is error message.>
2016-09-28 11:44:11.533 [] [] INFO [qtp1791267914-18] <Sniff.java [32] - doGet> <This is info message.>
2016-09-28 11:44:11.535 [] [] ERROR [qtp1791267914-18] <Sniff.java [34] - doGet> <This is error message.>
2016-09-28 11:44:13.528 [] [] INFO [qtp1791267914-21] <Sniff.java [32] - doGet> <This is info message.>
2016-09-28 11:44:13.528 [] [] ERROR [qtp1791267914-21] <Sniff.java [34] - doGet> <This is error message.>
2016-09-28 11:44:15.525 [] [] INFO [qtp1791267914-16] <Sniff.java [32] - doGet> <This is info message.>
2016-09-28 11:44:15.525 [] [] ERROR [qtp1791267914-16] <Sniff.java [34] - doGet> <This is error message.>
2016-09-28 11:44:17.527 [] [] INFO [qtp1791267914-18] <Sniff.java [32] - doGet> <This is info message.>
2016-09-28 11:44:17.528 [] [] ERROR [qtp1791267914-18] <Sniff.java [34] - doGet> <This is error message.>
2016-09-28 11:44:19.523 [] [] INFO [qtp1791267914-21] <Sniff.java [32] - doGet> <This is info message.>
2016-09-28 11:44:19.523 [] [] ERROR [qtp1791267914-21] <Sniff.java [34] - doGet> <This is error message.>
2016-09-28 11:44:21.524 [] [] INFO [qtp1791267914-16] <Sniff.java [32] - doGet> <This is info message.>
2016-09-28 11:44:21.524 [] [] ERROR [qtp1791267914-16] <Sniff.java [34] - doGet> <This is error message.>
2016-09-28 11:44:23.526 [] [] INFO [qtp1791267914-18] <Sniff.java [32] - doGet> <This is info message.>
2016-09-28 11:44:23.527 [] [] ERROR [qtp1791267914-18] <Sniff.java [34] - doGet> <This is error message.>
2016-09-28 11:44:25.535 [] [] INFO [qtp1791267914-20] <Sniff.java [32] - doGet> <This is info message.>
2016-09-28 11:44:25.535 [] [] ERROR [qtp1791267914-20] <Sniff.java [34] - doGet> <This is error message.>
2016-09-28 11:44:27.526 [] [] INFO [qtp1791267914-16] <Sniff.java [32] - doGet> <This is info message.>
2016-09-28 11:44:27.526 [] [] ERROR [qtp1791267914-16] <Sniff.java [34] - doGet> <This is error message.>
2016-09-28 11:44:29.529 [] [] INFO [qtp1791267914-22] <Sniff.java [32] - doGet> <This is info message.>
2016-09-28 11:44:29.529 [] [] ERROR [qtp1791267914-22] <Sniff.java [34] - doGet> <This is error message.>
2016-09-28 11:44:31.528 [] [] INFO [qtp1791267914-19] <Sniff.java [32] - doGet> <This is info message.>
2016-09-28 11:44:31.528 [] [] ERROR [qtp1791267914-19] <Sniff.java [34] - doGet> <This is error message.>
2016-09-28 11:44:33.524 [] [] INFO [qtp1791267914-21] <Sniff.java [32] - doGet> <This is info message.>
2016-09-28 11:44:33.524 [] [] ERROR [qtp1791267914-21] <Sniff.java [34] - doGet> <This is error message.>
2016-09-28 11:44:35.523 [] [] INFO [qtp1791267914-18] <Sniff.java [32] - doGet> <This is info message.>
2016-09-28 11:44:35.524 [] [] ERROR [qtp1791267914-18] <Sniff.java [34] - doGet> <This is error message.>
2016-09-28 11:44:37.522 [] [] INFO [qtp1791267914-22] <Sniff.java [32] - doGet> <This is info message.>
2016-09-28 11:44:37.523 [] [] ERROR [qtp1791267914-22] <Sniff.java [34] - doGet> <This is error message.>
2016-09-28 11:44:39.524 [] [] INFO [qtp1791267914-19] <Sniff.java [32] - doGet> <This is info message.>
2016-09-28 11:44:39.525 [] [] ERROR [qtp1791267914-19] <Sniff.java [34] - doGet> <This is error message.>
2016-09-28 11:44:41.528 [] [] INFO [qtp1791267914-18] <Sniff.java [32] - doGet> <This is info message.>
2016-09-28 11:44:41.528 [] [] ERROR [qtp1791267914-18] <Sniff.java [34] - doGet> <This is error message.>
2016-09-28 11:44:43.524 [] [] INFO [qtp1791267914-22] <Sniff.java [32] - doGet> <This is info message.>
2016-09-28 11:44:43.525 [] [] ERROR [qtp1791267914-22] <Sniff.java [34] - doGet> <This is error message.>
2016-09-28 11:44:45.524 [] [] INFO [qtp1791267914-19] <Sniff.java [32] - doGet> <This is info message.>
2016-09-28 11:44:45.524 [] [] ERROR [qtp1791267914-19] <Sniff.java [34] - doGet> <This is error message.>
2016-09-28 11:44:47.524 [] [] INFO [qtp1791267914-18] <Sniff.java [32] - doGet> <This is info message.>
2016-09-28 11:44:47.524 [] [] ERROR [qtp1791267914-18] <Sniff.java [34] - doGet> <This is error message.>
2016-09-28 11:44:49.529 [] [] INFO [qtp1791267914-22] <Sniff.java [32] - doGet> <This is info message.>
2016-09-28 11:44:49.531 [] [] ERROR [qtp1791267914-22] <Sniff.java [34] - doGet> <This is error message.>
2016-09-28 11:44:51.524 [] [] INFO [qtp1791267914-20] <Sniff.java [32] - doGet> <This is info message.>
2016-09-28 11:44:51.525 [] [] ERROR [qtp1791267914-20] <Sniff.java [34] - doGet> <This is error message.>
2016-09-28 11:44:53.527 [] [] INFO [qtp1791267914-21] <Sniff.java [32] - doGet> <This is info message.>
2016-09-28 11:44:53.528 [] [] ERROR [qtp1791267914-21] <Sniff.java [34] - doGet> <This is error message.>
2016-09-28 11:44:55.524 [] [] INFO [qtp1791267914-22] <Sniff.java [32] - doGet> <This is info message.>
2016-09-28 11:44:55.524 [] [] ERROR [qtp1791267914-22] <Sniff.java [34] - doGet> <This is error message.>
2016-09-28 11:44:57.525 [] [] INFO [qtp1791267914-16] <Sniff.java [32] - doGet> <This is info message.>
2016-09-28 11:44:57.526 [] [] ERROR [qtp1791267914-16] <Sniff.java [34] - doGet> <This is error message.>
2016-09-28 11:44:59.529 [] [] INFO [qtp1791267914-20] <Sniff.java [32] - doGet> <This is info message.>
2016-09-28 11:44:59.530 [] [] ERROR [qtp1791267914-20] <Sniff.java [34] - doGet> <This is error message.>
2016-09-28 11:45:01.528 [] [] INFO [qtp1791267914-21] <Sniff.java [32] - doGet> <This is info message.>
2016-09-28 11:45:01.529 [] [] ERROR [qtp1791267914-21] <Sniff.java [34] - doGet> <This is error message.>
2016-09-28 11:45:03.523 [] [] INFO [qtp1791267914-16] <Sniff.java [32] - doGet> <This is info message.>
2016-09-28 11:45:03.524 [] [] ERROR [qtp1791267914-16] <Sniff.java [34] - doGet> <This is error message.>
2016-09-28 11:45:05.527 [] [] INFO [qtp1791267914-20] <Sniff.java [32] - doGet> <This is info message.>
2016-09-28 11:45:05.527 [] [] ERROR [qtp1791267914-20] <Sniff.java [34] - doGet> <This is error message.>
2016-09-28 11:45:07.523 [] [] INFO [qtp1791267914-21] <Sniff.java [32] - doGet> <This is info message.>
2016-09-28 11:45:07.523 [] [] ERROR [qtp1791267914-21] <Sniff.java [34] - doGet> <This is error message.>
2016-09-28 11:45:09.524 [] [] INFO [qtp1791267914-22] <Sniff.java [32] - doGet> <This is info message.>
2016-09-28 11:45:09.524 [] [] ERROR [qtp1791267914-22] <Sniff.java [34] - doGet> <This is error message.>
2016-09-28 11:45:11.527 [] [] INFO [qtp1791267914-19] <Sniff.java [32] - doGet> <This is info message.>
2016-09-28 11:45:11.528 [] [] ERROR [qtp1791267914-19] <Sniff.java [34] - doGet> <This is error message.>
2016-09-28 11:45:13.527 [] [] INFO [qtp1791267914-18] <Sniff.java [32] - doGet> <This is info message.>
2016-09-28 11:45:13.528 [] [] ERROR [qtp1791267914-18] <Sniff.java [34] - doGet> <This is error message.>
2016-09-28 11:45:15.524 [] [] INFO [qtp1791267914-20] <Sniff.java [32] - doGet> <This is info message.>
2016-09-28 11:45:15.524 [] [] ERROR [qtp1791267914-20] <Sniff.java [34] - doGet> <This is error message.>
2016-09-28 11:45:17.526 [] [] INFO [qtp1791267914-22] <Sniff.java [32] - doGet> <This is info message.>
2016-09-28 11:45:17.527 [] [] ERROR [qtp1791267914-22] <Sniff.java [34] - doGet> <This is error message.>
2016-09-28 11:45:19.525 [] [] INFO [qtp1791267914-18] <Sniff.java [32] - doGet> <This is info message.>
2016-09-28 11:45:19.526 [] [] ERROR [qtp1791267914-18] <Sniff.java [34] - doGet> <This is error message.>
2016-09-28 11:45:21.524 [] [] INFO [qtp1791267914-16] <Sniff.java [32] - doGet> <This is info message.>
2016-09-28 11:45:21.524 [] [] ERROR [qtp1791267914-16] <Sniff.java [34] - doGet> <This is error message.>
2016-09-28 11:45:23.523 [] [] INFO [qtp1791267914-21] <Sniff.java [32] - doGet> <This is info message.>
2016-09-28 11:45:23.524 [] [] ERROR [qtp1791267914-21] <Sniff.java [34] - doGet> <This is error message.>
2016-09-28 11:45:25.527 [] [] INFO [qtp1791267914-18] <Sniff.java [32] - doGet> <This is info message.>
2016-09-28 11:45:25.528 [] [] ERROR [qtp1791267914-18] <Sniff.java [34] - doGet> <This is error message.>
2016-09-28 11:45:27.529 [] [] INFO [qtp1791267914-16] <Sniff.java [32] - doGet> <This is info message.>
2016-09-28 11:45:27.529 [] [] ERROR [qtp1791267914-16] <Sniff.java [34] - doGet> <This is error message.>
2016-09-28 11:45:29.527 [] [] INFO [qtp1791267914-20] <Sniff.java [32] - doGet> <This is info message.>
2016-09-28 11:45:29.527 [] [] ERROR [qtp1791267914-20] <Sniff.java [34] - doGet> <This is error message.>
2016-09-28 11:45:31.526 [] [] INFO [qtp1791267914-22] <Sniff.java [32] - doGet> <This is info message.>
2016-09-28 11:45:31.527 [] [] ERROR [qtp1791267914-22] <Sniff.java [34] - doGet> <This is error message.>
2016-09-28 11:45:33.524 [] [] INFO [qtp1791267914-16] <Sniff.java [32] - doGet> <This is info message.>
2016-09-28 11:45:33.524 [] [] ERROR [qtp1791267914-16] <Sniff.java [34] - doGet> <This is error message.>
2016-09-28 11:45:35.527 [] [] INFO [qtp1791267914-19] <Sniff.java [32] - doGet> <This is info message.>
2016-09-28 11:45:35.528 [] [] ERROR [qtp1791267914-19] <Sniff.java [34] - doGet> <This is error message.>
2016-09-28 11:45:37.527 [] [] INFO [qtp1791267914-21] <Sniff.java [32] - doGet> <This is info message.>
2016-09-28 11:45:37.527 [] [] ERROR [qtp1791267914-21] <Sniff.java [34] - doGet> <This is error message.>
2016-09-28 11:49:59.565 [] [] INFO [qtp1517758613-17] <Sniff.java [32] - doGet> <This is info message.>
2016-09-28 11:49:59.566 [] [] ERROR [qtp1517758613-17] <Sniff.java [34] - doGet> <This is error message.>
2016-09-28 11:50:01.532 [] [] INFO [qtp1517758613-19] <Sniff.java [32] - doGet> <This is info message.>
2016-09-28 11:50:01.533 [] [] ERROR [qtp1517758613-19] <Sniff.java [34] - doGet> <This is error message.>
2016-09-28 11:50:03.527 [] [] INFO [qtp1517758613-20] <Sniff.java [32] - doGet> <This is info message.>
2016-09-28 11:50:03.528 [] [] ERROR [qtp1517758613-20] <Sniff.java [34] - doGet> <This is error message.>
2016-09-28 11:50:05.525 [] [] INFO [qtp1517758613-17] <Sniff.java [32] - doGet> <This is info message.>
2016-09-28 11:50:05.526 [] [] ERROR [qtp1517758613-17] <Sniff.java [34] - doGet> <This is error message.>
2016-09-28 11:50:07.524 [] [] INFO [qtp1517758613-19] <Sniff.java [32] - doGet> <This is info message.>
2016-09-28 11:50:07.524 [] [] ERROR [qtp1517758613-19] <Sniff.java [34] - doGet> <This is error message.>
2016-09-28 11:50:09.527 [] [] INFO [qtp1517758613-20] <Sniff.java [32] - doGet> <This is info message.>
2016-09-28 11:50:09.529 [] [] ERROR [qtp1517758613-20] <Sniff.java [34] - doGet> <This is error message.>
2016-09-28 11:50:11.524 [] [] INFO [qtp1517758613-22] <Sniff.java [32] - doGet> <This is info message.>
2016-09-28 11:50:11.524 [] [] ERROR [qtp1517758613-22] <Sniff.java [34] - doGet> <This is error message.>
2016-09-28 11:50:13.524 [] [] INFO [qtp1517758613-19] <Sniff.java [32] - doGet> <This is info message.>
2016-09-28 11:50:13.524 [] [] ERROR [qtp1517758613-19] <Sniff.java [34] - doGet> <This is error message.>
2016-09-28 11:50:15.528 [] [] INFO [qtp1517758613-18] <Sniff.java [32] - doGet> <This is info message.>
2016-09-28 11:50:15.529 [] [] ERROR [qtp1517758613-18] <Sniff.java [34] - doGet> <This is error message.>
2016-09-28 11:50:16.031 [] [] INFO [qtp1517758613-20] <Sniff.java [32] - doGet> <This is info message.>
2016-09-28 11:50:16.031 [] [] ERROR [qtp1517758613-20] <Sniff.java [34] - doGet> <This is error message.>
2016-09-28 11:50:17.529 [] [] INFO [qtp1517758613-22] <Sniff.java [32] - doGet> <This is info message.>
2016-09-28 11:50:17.530 [] [] ERROR [qtp1517758613-22] <Sniff.java [34] - doGet> <This is error message.>
2016-09-28 11:50:18.025 [] [] INFO [qtp1517758613-20] <Sniff.java [32] - doGet> <This is info message.>
2016-09-28 11:50:18.026 [] [] ERROR [qtp1517758613-20] <Sniff.java [34] - doGet> <This is error message.>
2016-09-28 11:50:19.524 [] [] INFO [qtp1517758613-22] <Sniff.java [32] - doGet> <This is info message.>
2016-09-28 11:50:19.526 [] [] ERROR [qtp1517758613-22] <Sniff.java [34] - doGet> <This is error message.>
2016-09-28 11:50:20.022 [] [] INFO [qtp1517758613-20] <Sniff.java [32] - doGet> <This is info message.>
2016-09-28 11:50:20.022 [] [] ERROR [qtp1517758613-20] <Sniff.java [34] - doGet> <This is error message.>
2016-09-28 11:50:21.531 [] [] INFO [qtp1517758613-17] <Sniff.java [32] - doGet> <This is info message.>
2016-09-28 11:50:21.533 [] [] ERROR [qtp1517758613-17] <Sniff.java [34] - doGet> <This is error message.>
2016-09-28 11:50:22.024 [] [] INFO [qtp1517758613-21] <Sniff.java [32] - doGet> <This is info message.>
2016-09-28 11:50:22.024 [] [] ERROR [qtp1517758613-21] <Sniff.java [34] - doGet> <This is error message.>
2016-09-28 11:50:23.529 [] [] INFO [qtp1517758613-17] <Sniff.java [32] - doGet> <This is info message.>
2016-09-28 11:50:23.530 [] [] ERROR [qtp1517758613-17] <Sniff.java [34] - doGet> <This is error message.>
2016-09-28 11:50:24.025 [] [] INFO [qtp1517758613-21] <Sniff.java [32] - doGet> <This is info message.>
2016-09-28 11:50:24.026 [] [] ERROR [qtp1517758613-21] <Sniff.java [34] - doGet> <This is error message.>
2016-09-28 11:50:25.525 [] [] INFO [qtp1517758613-18] <Sniff.java [32] - doGet> <This is info message.>
2016-09-28 11:50:25.526 [] [] ERROR [qtp1517758613-18] <Sniff.java [34] - doGet> <This is error message.>
2016-09-28 11:50:26.027 [] [] INFO [qtp1517758613-21] <Sniff.java [32] - doGet> <This is info message.>
2016-09-28 11:50:26.028 [] [] ERROR [qtp1517758613-21] <Sniff.java [34] - doGet> <This is error message.>
2016-09-28 11:50:27.525 [] [] INFO [qtp1517758613-17] <Sniff.java [32] - doGet> <This is info message.>
2016-09-28 11:50:27.526 [] [] ERROR [qtp1517758613-17] <Sniff.java [34] - doGet> <This is error message.>
2016-09-28 11:50:28.023 [] [] INFO [qtp1517758613-22] <Sniff.java [32] - doGet> <This is info message.>
2016-09-28 11:50:28.025 [] [] ERROR [qtp1517758613-22] <Sniff.java [34] - doGet> <This is error message.>
2016-09-28 11:50:29.523 [] [] INFO [qtp1517758613-19] <Sniff.java [32] - doGet> <This is info message.>
2016-09-28 11:50:29.524 [] [] ERROR [qtp1517758613-19] <Sniff.java [34] - doGet> <This is error message.>
2016-09-28 11:50:30.022 [] [] INFO [qtp1517758613-18] <Sniff.java [32] - doGet> <This is info message.>
2016-09-28 11:50:30.023 [] [] ERROR [qtp1517758613-18] <Sniff.java [34] - doGet> <This is error message.>
2016-09-28 11:50:31.524 [] [] INFO [qtp1517758613-20] <Sniff.java [32] - doGet> <This is info message.>
2016-09-28 11:50:31.524 [] [] ERROR [qtp1517758613-20] <Sniff.java [34] - doGet> <This is error message.>
2016-09-28 11:50:32.023 [] [] INFO [qtp1517758613-17] <Sniff.java [32] - doGet> <This is info message.>
2016-09-28 11:50:32.023 [] [] ERROR [qtp1517758613-17] <Sniff.java [34] - doGet> <This is error message.>
2016-09-28 11:50:33.524 [] [] INFO [qtp1517758613-21] <Sniff.java [32] - doGet> <This is info message.>
2016-09-28 11:50:33.524 [] [] ERROR [qtp1517758613-21] <Sniff.java [34] - doGet> <This is error message.>
2016-09-28 11:50:34.023 [] [] INFO [qtp1517758613-19] <Sniff.java [32] - doGet> <This is info message.>
2016-09-28 11:50:34.023 [] [] ERROR [qtp1517758613-19] <Sniff.java [34] - doGet> <This is error message.>
2016-09-28 11:50:35.525 [] [] INFO [qtp1517758613-22] <Sniff.java [32] - doGet> <This is info message.>
2016-09-28 11:50:35.529 [] [] ERROR [qtp1517758613-22] <Sniff.java [34] - doGet> <This is error message.>
2016-09-28 11:50:36.022 [] [] INFO [qtp1517758613-19] <Sniff.java [32] - doGet> <This is info message.>
2016-09-28 11:50:36.022 [] [] ERROR [qtp1517758613-19] <Sniff.java [34] - doGet> <This is error message.>
2016-09-28 11:50:37.524 [] [] INFO [qtp1517758613-21] <Sniff.java [32] - doGet> <This is info message.>
2016-09-28 11:50:37.525 [] [] ERROR [qtp1517758613-21] <Sniff.java [34] - doGet> <This is error message.>
2016-09-28 11:50:38.022 [] [] INFO [qtp1517758613-19] <Sniff.java [32] - doGet> <This is info message.>
2016-09-28 11:50:38.022 [] [] ERROR [qtp1517758613-19] <Sniff.java [34] - doGet> <This is error message.>
2016-09-28 11:50:39.527 [] [] INFO [qtp1517758613-22] <Sniff.java [32] - doGet> <This is info message.>
2016-09-28 11:50:39.527 [] [] ERROR [qtp1517758613-22] <Sniff.java [34] - doGet> <This is error message.>
2016-09-28 11:50:40.025 [] [] INFO [qtp1517758613-19] <Sniff.java [32] - doGet> <This is info message.>
2016-09-28 11:50:40.026 [] [] ERROR [qtp1517758613-19] <Sniff.java [34] - doGet> <This is error message.>
2016-09-28 11:50:41.523 [] [] INFO [qtp1517758613-21] <Sniff.java [32] - doGet> <This is info message.>
2016-09-28 11:50:41.523 [] [] ERROR [qtp1517758613-21] <Sniff.java [34] - doGet> <This is error message.>
2016-09-28 11:50:42.023 [] [] INFO [qtp1517758613-20] <Sniff.java [32] - doGet> <This is info message.>
2016-09-28 11:50:42.023 [] [] ERROR [qtp1517758613-20] <Sniff.java [34] - doGet> <This is error message.>
2016-09-28 11:50:43.530 [] [] INFO [qtp1517758613-21] <Sniff.java [32] - doGet> <This is info message.>
2016-09-28 11:50:43.530 [] [] ERROR [qtp1517758613-21] <Sniff.java [34] - doGet> <This is error message.>
2016-09-28 11:50:44.022 [] [] INFO [qtp1517758613-20] <Sniff.java [32] - doGet> <This is info message.>
2016-09-28 11:50:44.022 [] [] ERROR [qtp1517758613-20] <Sniff.java [34] - doGet> <This is error message.>
2016-09-28 11:50:45.529 [] [] INFO [qtp1517758613-21] <Sniff.java [32] - doGet> <This is info message.>
2016-09-28 11:50:45.529 [] [] ERROR [qtp1517758613-21] <Sniff.java [34] - doGet> <This is error message.>
2016-09-28 11:50:46.144 [] [] INFO [qtp1517758613-18] <Sniff.java [32] - doGet> <This is info message.>
2016-09-28 11:50:46.144 [] [] ERROR [qtp1517758613-18] <Sniff.java [34] - doGet> <This is error message.>
2016-09-28 11:50:47.528 [] [] INFO [qtp1517758613-21] <Sniff.java [32] - doGet> <This is info message.>
2016-09-28 11:50:47.529 [] [] ERROR [qtp1517758613-21] <Sniff.java [34] - doGet> <This is error message.>
2016-09-28 11:50:48.144 [] [] INFO [qtp1517758613-20] <Sniff.java [32] - doGet> <This is info message.>
2016-09-28 11:50:48.144 [] [] ERROR [qtp1517758613-20] <Sniff.java [34] - doGet> <This is error message.>
2016-09-28 11:50:49.529 [] [] INFO [qtp1517758613-17] <Sniff.java [32] - doGet> <This is info message.>
2016-09-28 11:50:49.529 [] [] ERROR [qtp1517758613-17] <Sniff.java [34] - doGet> <This is error message.>
2016-09-28 11:50:50.135 [] [] INFO [qtp1517758613-18] <Sniff.java [32] - doGet> <This is info message.>
2016-09-28 11:50:50.135 [] [] ERROR [qtp1517758613-18] <Sniff.java [34] - doGet> <This is error message.>
2016-09-28 11:50:51.529 [] [] INFO [qtp1517758613-19] <Sniff.java [32] - doGet> <This is info message.>
2016-09-28 11:50:51.529 [] [] ERROR [qtp1517758613-19] <Sniff.java [34] - doGet> <This is error message.>
2016-09-28 11:50:52.139 [] [] INFO [qtp1517758613-21] <Sniff.java [32] - doGet> <This is info message.>
2016-09-28 11:50:52.140 [] [] ERROR [qtp1517758613-21] <Sniff.java [34] - doGet> <This is error message.>
2016-09-28 11:50:53.526 [] [] INFO [qtp1517758613-19] <Sniff.java [32] - doGet> <This is info message.>
2016-09-28 11:50:53.527 [] [] ERROR [qtp1517758613-19] <Sniff.java [34] - doGet> <This is error message.>
2016-09-28 11:50:54.136 [] [] INFO [qtp1517758613-21] <Sniff.java [32] - doGet> <This is info message.>
2016-09-28 11:50:54.137 [] [] ERROR [qtp1517758613-21] <Sniff.java [34] - doGet> <This is error message.>
2016-09-28 11:50:55.525 [] [] INFO [qtp1517758613-22] <Sniff.java [32] - doGet> <This is info message.>
2016-09-28 11:50:55.525 [] [] ERROR [qtp1517758613-22] <Sniff.java [34] - doGet> <This is error message.>
2016-09-28 11:50:56.135 [] [] INFO [qtp1517758613-21] <Sniff.java [32] - doGet> <This is info message.>
2016-09-28 11:50:56.136 [] [] ERROR [qtp1517758613-21] <Sniff.java [34] - doGet> <This is error message.>
2016-09-28 11:50:57.382 [] [] INFO [qtp1517758613-21] <Sniff.java [32] - doGet> <This is info message.>
2016-09-28 11:50:57.382 [] [] ERROR [qtp1517758613-21] <Sniff.java [34] - doGet> <This is error message.>
2016-09-28 11:50:57.527 [] [] INFO [qtp1517758613-19] <Sniff.java [32] - doGet> <This is info message.>
2016-09-28 11:50:57.528 [] [] ERROR [qtp1517758613-19] <Sniff.java [34] - doGet> <This is error message.>
2016-09-28 11:50:59.375 [] [] INFO [qtp1517758613-21] <Sniff.java [32] - doGet> <This is info message.>
2016-09-28 11:50:59.375 [] [] ERROR [qtp1517758613-21] <Sniff.java [34] - doGet> <This is error message.>
2016-09-28 11:50:59.524 [] [] INFO [qtp1517758613-19] <Sniff.java [32] - doGet> <This is info message.>
2016-09-28 11:50:59.524 [] [] ERROR [qtp1517758613-19] <Sniff.java [34] - doGet> <This is error message.>
2016-09-28 11:51:01.376 [] [] INFO [qtp1517758613-18] <Sniff.java [32] - doGet> <This is info message.>
2016-09-28 11:51:01.377 [] [] ERROR [qtp1517758613-18] <Sniff.java [34] - doGet> <This is error message.>
2016-09-28 11:51:01.527 [] [] INFO [qtp1517758613-19] <Sniff.java [32] - doGet> <This is info message.>
2016-09-28 11:51:01.527 [] [] ERROR [qtp1517758613-19] <Sniff.java [34] - doGet> <This is error message.>
2016-09-28 11:51:03.374 [] [] INFO [qtp1517758613-21] <Sniff.java [32] - doGet> <This is info message.>
2016-09-28 11:51:03.375 [] [] ERROR [qtp1517758613-21] <Sniff.java [34] - doGet> <This is error message.>
2016-09-28 11:51:03.523 [] [] INFO [qtp1517758613-18] <Sniff.java [32] - doGet> <This is info message.>
2016-09-28 11:51:03.523 [] [] ERROR [qtp1517758613-18] <Sniff.java [34] - doGet> <This is error message.>
2016-09-28 11:51:05.372 [] [] INFO [qtp1517758613-22] <Sniff.java [32] - doGet> <This is info message.>
2016-09-28 11:51:05.373 [] [] ERROR [qtp1517758613-22] <Sniff.java [34] - doGet> <This is error message.>
2016-09-28 11:51:05.524 [] [] INFO [qtp1517758613-21] <Sniff.java [32] - doGet> <This is info message.>
2016-09-28 11:51:05.524 [] [] ERROR [qtp1517758613-21] <Sniff.java [34] - doGet> <This is error message.>
2016-09-28 11:51:07.372 [] [] INFO [qtp1517758613-20] <Sniff.java [32] - doGet> <This is info message.>
2016-09-28 11:51:07.372 [] [] ERROR [qtp1517758613-20] <Sniff.java [34] - doGet> <This is error message.>
2016-09-28 11:51:07.523 [] [] INFO [qtp1517758613-22] <Sniff.java [32] - doGet> <This is info message.>
2016-09-28 11:51:07.523 [] [] ERROR [qtp1517758613-22] <Sniff.java [34] - doGet> <This is error message.>
2016-09-28 11:51:09.374 [] [] INFO [qtp1517758613-20] <Sniff.java [32] - doGet> <This is info message.>
2016-09-28 11:51:09.375 [] [] ERROR [qtp1517758613-20] <Sniff.java [34] - doGet> <This is error message.>
2016-09-28 11:51:09.523 [] [] INFO [qtp1517758613-22] <Sniff.java [32] - doGet> <This is info message.>
2016-09-28 11:51:09.523 [] [] ERROR [qtp1517758613-22] <Sniff.java [34] - doGet> <This is error message.>
2016-09-28 11:51:11.373 [] [] INFO [qtp1517758613-19] <Sniff.java [32] - doGet> <This is info message.>
2016-09-28 11:51:11.373 [] [] ERROR [qtp1517758613-19] <Sniff.java [34] - doGet> <This is error message.>
2016-09-28 11:51:11.526 [] [] INFO [qtp1517758613-20] <Sniff.java [32] - doGet> <This is info message.>
2016-09-28 11:51:11.526 [] [] ERROR [qtp1517758613-20] <Sniff.java [34] - doGet> <This is error message.>
2016-09-28 11:51:13.372 [] [] INFO [qtp1517758613-17] <Sniff.java [32] - doGet> <This is info message.>
2016-09-28 11:51:13.372 [] [] ERROR [qtp1517758613-17] <Sniff.java [34] - doGet> <This is error message.>
2016-09-28 11:51:13.523 [] [] INFO [qtp1517758613-19] <Sniff.java [32] - doGet> <This is info message.>
2016-09-28 11:51:13.523 [] [] ERROR [qtp1517758613-19] <Sniff.java [34] - doGet> <This is error message.>
2016-09-28 11:51:15.374 [] [] INFO [qtp1517758613-18] <Sniff.java [32] - doGet> <This is info message.>
2016-09-28 11:51:15.374 [] [] ERROR [qtp1517758613-18] <Sniff.java [34] - doGet> <This is error message.>
2016-09-28 11:51:15.524 [] [] INFO [qtp1517758613-17] <Sniff.java [32] - doGet> <This is info message.>
2016-09-28 11:51:15.525 [] [] ERROR [qtp1517758613-17] <Sniff.java [34] - doGet> <This is error message.>
2016-09-28 11:51:17.373 [] [] INFO [qtp1517758613-21] <Sniff.java [32] - doGet> <This is info message.>
2016-09-28 11:51:17.374 [] [] ERROR [qtp1517758613-21] <Sniff.java [34] - doGet> <This is error message.>
2016-09-28 11:51:17.524 [] [] INFO [qtp1517758613-18] <Sniff.java [32] - doGet> <This is info message.>
2016-09-28 11:51:17.525 [] [] ERROR [qtp1517758613-18] <Sniff.java [34] - doGet> <This is error message.>
2016-09-28 11:51:19.378 [] [] INFO [qtp1517758613-20] <Sniff.java [32] - doGet> <This is info message.>
2016-09-28 11:51:19.379 [] [] ERROR [qtp1517758613-20] <Sniff.java [34] - doGet> <This is error message.>
2016-09-28 11:51:19.524 [] [] INFO [qtp1517758613-21] <Sniff.java [32] - doGet> <This is info message.>
2016-09-28 11:51:19.524 [] [] ERROR [qtp1517758613-21] <Sniff.java [34] - doGet> <This is error message.>
2016-09-28 11:51:21.374 [] [] INFO [qtp1517758613-22] <Sniff.java [32] - doGet> <This is info message.>
2016-09-28 11:51:21.374 [] [] ERROR [qtp1517758613-22] <Sniff.java [34] - doGet> <This is error message.>
2016-09-28 11:51:21.524 [] [] INFO [qtp1517758613-20] <Sniff.java [32] - doGet> <This is info message.>
2016-09-28 11:51:21.524 [] [] ERROR [qtp1517758613-20] <Sniff.java [34] - doGet> <This is error message.>
2016-09-28 11:51:23.375 [] [] INFO [qtp1517758613-19] <Sniff.java [32] - doGet> <This is info message.>
2016-09-28 11:51:23.376 [] [] ERROR [qtp1517758613-19] <Sniff.java [34] - doGet> <This is error message.>
2016-09-28 11:51:23.528 [] [] INFO [qtp1517758613-20] <Sniff.java [32] - doGet> <This is info message.>
2016-09-28 11:51:23.528 [] [] ERROR [qtp1517758613-20] <Sniff.java [34] - doGet> <This is error message.>
2016-09-28 11:51:25.373 [] [] INFO [qtp1517758613-17] <Sniff.java [32] - doGet> <This is info message.>
2016-09-28 11:51:25.374 [] [] ERROR [qtp1517758613-17] <Sniff.java [34] - doGet> <This is error message.>
2016-09-28 11:51:25.525 [] [] INFO [qtp1517758613-19] <Sniff.java [32] - doGet> <This is info message.>
2016-09-28 11:51:25.525 [] [] ERROR [qtp1517758613-19] <Sniff.java [34] - doGet> <This is error message.>
2016-09-28 11:51:27.373 [] [] INFO [qtp1517758613-18] <Sniff.java [32] - doGet> <This is info message.>
2016-09-28 11:51:27.374 [] [] ERROR [qtp1517758613-18] <Sniff.java [34] - doGet> <This is error message.>
2016-09-28 11:51:27.523 [] [] INFO [qtp1517758613-17] <Sniff.java [32] - doGet> <This is info message.>
2016-09-28 11:51:27.523 [] [] ERROR [qtp1517758613-17] <Sniff.java [34] - doGet> <This is error message.>
2016-09-28 11:51:29.371 [] [] INFO [qtp1517758613-22] <Sniff.java [32] - doGet> <This is info message.>
2016-09-28 11:51:29.372 [] [] ERROR [qtp1517758613-22] <Sniff.java [34] - doGet> <This is error message.>
2016-09-28 11:51:29.524 [] [] INFO [qtp1517758613-18] <Sniff.java [32] - doGet> <This is info message.>
2016-09-28 11:51:29.524 [] [] ERROR [qtp1517758613-18] <Sniff.java [34] - doGet> <This is error message.>
2016-09-28 11:51:31.374 [] [] INFO [qtp1517758613-21] <Sniff.java [32] - doGet> <This is info message.>
2016-09-28 11:51:31.374 [] [] ERROR [qtp1517758613-21] <Sniff.java [34] - doGet> <This is error message.>
2016-09-28 11:51:31.524 [] [] INFO [qtp1517758613-22] <Sniff.java [32] - doGet> <This is info message.>
2016-09-28 11:51:31.525 [] [] ERROR [qtp1517758613-22] <Sniff.java [34] - doGet> <This is error message.>
2016-09-28 11:51:33.372 [] [] INFO [qtp1517758613-19] <Sniff.java [32] - doGet> <This is info message.>
2016-09-28 11:51:33.372 [] [] ERROR [qtp1517758613-19] <Sniff.java [34] - doGet> <This is error message.>
2016-09-28 11:51:33.524 [] [] INFO [qtp1517758613-21] <Sniff.java [32] - doGet> <This is info message.>
2016-09-28 11:51:33.524 [] [] ERROR [qtp1517758613-21] <Sniff.java [34] - doGet> <This is error message.>
2016-09-28 11:51:35.372 [] [] INFO [qtp1517758613-20] <Sniff.java [32] - doGet> <This is info message.>
2016-09-28 11:51:35.372 [] [] ERROR [qtp1517758613-20] <Sniff.java [34] - doGet> <This is error message.>
2016-09-28 11:51:35.524 [] [] INFO [qtp1517758613-19] <Sniff.java [32] - doGet> <This is info message.>
2016-09-28 11:51:35.524 [] [] ERROR [qtp1517758613-19] <Sniff.java [34] - doGet> <This is error message.>
2016-09-28 11:51:37.373 [] [] INFO [qtp1517758613-17] <Sniff.java [32] - doGet> <This is info message.>
2016-09-28 11:51:37.373 [] [] ERROR [qtp1517758613-17] <Sniff.java [34] - doGet> <This is error message.>
2016-09-28 11:51:37.523 [] [] INFO [qtp1517758613-20] <Sniff.java [32] - doGet> <This is info message.>
2016-09-28 11:51:37.524 [] [] ERROR [qtp1517758613-20] <Sniff.java [34] - doGet> <This is error message.>
2016-09-28 11:51:39.373 [] [] INFO [qtp1517758613-18] <Sniff.java [32] - doGet> <This is info message.>
2016-09-28 11:51:39.373 [] [] ERROR [qtp1517758613-18] <Sniff.java [34] - doGet> <This is error message.>
2016-09-28 11:51:39.524 [] [] INFO [qtp1517758613-20] <Sniff.java [32] - doGet> <This is info message.>
2016-09-28 11:51:39.524 [] [] ERROR [qtp1517758613-20] <Sniff.java [34] - doGet> <This is error message.>
2016-09-28 11:51:40.460 [] [] INFO [qtp1517758613-20] <Sniff.java [32] - doGet> <This is info message.>
2016-09-28 11:51:40.460 [] [] ERROR [qtp1517758613-20] <Sniff.java [34] - doGet> <This is error message.>
2016-09-28 11:51:41.527 [] [] INFO [qtp1517758613-18] <Sniff.java [32] - doGet> <This is info message.>
2016-09-28 11:51:41.527 [] [] ERROR [qtp1517758613-18] <Sniff.java [34] - doGet> <This is error message.>
2016-09-28 11:51:42.456 [] [] INFO [qtp1517758613-20] <Sniff.java [32] - doGet> <This is info message.>
2016-09-28 11:51:42.456 [] [] ERROR [qtp1517758613-20] <Sniff.java [34] - doGet> <This is error message.>
2016-09-28 11:51:43.525 [] [] INFO [qtp1517758613-18] <Sniff.java [32] - doGet> <This is info message.>
2016-09-28 11:51:43.525 [] [] ERROR [qtp1517758613-18] <Sniff.java [34] - doGet> <This is error message.>
2016-09-28 11:51:44.457 [] [] INFO [qtp1517758613-20] <Sniff.java [32] - doGet> <This is info message.>
2016-09-28 11:51:44.457 [] [] ERROR [qtp1517758613-20] <Sniff.java [34] - doGet> <This is error message.>
2016-09-28 11:51:45.525 [] [] INFO [qtp1517758613-17] <Sniff.java [32] - doGet> <This is info message.>
2016-09-28 11:51:45.525 [] [] ERROR [qtp1517758613-17] <Sniff.java [34] - doGet> <This is error message.>
2016-09-28 11:51:46.454 [] [] INFO [qtp1517758613-22] <Sniff.java [32] - doGet> <This is info message.>
2016-09-28 11:51:46.455 [] [] ERROR [qtp1517758613-22] <Sniff.java [34] - doGet> <This is error message.>
2016-09-28 11:51:47.527 [] [] INFO [qtp1517758613-17] <Sniff.java [32] - doGet> <This is info message.>
2016-09-28 11:51:47.527 [] [] ERROR [qtp1517758613-17] <Sniff.java [34] - doGet> <This is error message.>
2016-09-28 11:51:48.454 [] [] INFO [qtp1517758613-22] <Sniff.java [32] - doGet> <This is info message.>
2016-09-28 11:51:48.454 [] [] ERROR [qtp1517758613-22] <Sniff.java [34] - doGet> <This is error message.>
2016-09-28 11:51:49.526 [] [] INFO [qtp1517758613-18] <Sniff.java [32] - doGet> <This is info message.>
2016-09-28 11:51:49.526 [] [] ERROR [qtp1517758613-18] <Sniff.java [34] - doGet> <This is error message.>
2016-09-28 11:51:50.454 [] [] INFO [qtp1517758613-20] <Sniff.java [32] - doGet> <This is info message.>
2016-09-28 11:51:50.454 [] [] ERROR [qtp1517758613-20] <Sniff.java [34] - doGet> <This is error message.>
2016-09-28 11:51:51.528 [] [] INFO [qtp1517758613-18] <Sniff.java [32] - doGet> <This is info message.>
2016-09-28 11:51:51.528 [] [] ERROR [qtp1517758613-18] <Sniff.java [34] - doGet> <This is error message.>
2016-09-28 11:51:52.456 [] [] INFO [qtp1517758613-20] <Sniff.java [32] - doGet> <This is info message.>
2016-09-28 11:51:52.457 [] [] ERROR [qtp1517758613-20] <Sniff.java [34] - doGet> <This is error message.>
2016-09-28 11:51:53.525 [] [] INFO [qtp1517758613-18] <Sniff.java [32] - doGet> <This is info message.>
2016-09-28 11:51:53.525 [] [] ERROR [qtp1517758613-18] <Sniff.java [34] - doGet> <This is error message.>
2016-09-28 11:51:54.454 [] [] INFO [qtp1517758613-20] <Sniff.java [32] - doGet> <This is info message.>
2016-09-28 11:51:54.454 [] [] ERROR [qtp1517758613-20] <Sniff.java [34] - doGet> <This is error message.>
2016-09-28 11:51:55.524 [] [] INFO [qtp1517758613-17] <Sniff.java [32] - doGet> <This is info message.>
2016-09-28 11:51:55.524 [] [] ERROR [qtp1517758613-17] <Sniff.java [34] - doGet> <This is error message.>
2016-09-28 11:51:56.454 [] [] INFO [qtp1517758613-20] <Sniff.java [32] - doGet> <This is info message.>
2016-09-28 11:51:56.454 [] [] ERROR [qtp1517758613-20] <Sniff.java [34] - doGet> <This is error message.>
2016-09-28 11:51:57.525 [] [] INFO [qtp1517758613-17] <Sniff.java [32] - doGet> <This is info message.>
2016-09-28 11:51:57.525 [] [] ERROR [qtp1517758613-17] <Sniff.java [34] - doGet> <This is error message.>
2016-09-28 11:51:58.457 [] [] INFO [qtp1517758613-20] <Sniff.java [32] - doGet> <This is info message.>
2016-09-28 11:51:58.457 [] [] ERROR [qtp1517758613-20] <Sniff.java [34] - doGet> <This is error message.>
2016-09-28 11:51:59.524 [] [] INFO [qtp1517758613-19] <Sniff.java [32] - doGet> <This is info message.>
2016-09-28 11:51:59.525 [] [] ERROR [qtp1517758613-19] <Sniff.java [34] - doGet> <This is error message.>
2016-09-28 11:52:00.452 [] [] INFO [qtp1517758613-22] <Sniff.java [32] - doGet> <This is info message.>
2016-09-28 11:52:00.453 [] [] ERROR [qtp1517758613-22] <Sniff.java [34] - doGet> <This is error message.>
2016-09-28 11:52:01.528 [] [] INFO [qtp1517758613-19] <Sniff.java [32] - doGet> <This is info message.>
2016-09-28 11:52:01.529 [] [] ERROR [qtp1517758613-19] <Sniff.java [34] - doGet> <This is error message.>
2016-09-28 11:52:02.455 [] [] INFO [qtp1517758613-22] <Sniff.java [32] - doGet> <This is info message.>
2016-09-28 11:52:02.456 [] [] ERROR [qtp1517758613-22] <Sniff.java [34] - doGet> <This is error message.>
2016-09-28 11:52:03.524 [] [] INFO [qtp1517758613-21] <Sniff.java [32] - doGet> <This is info message.>
2016-09-28 11:52:03.524 [] [] ERROR [qtp1517758613-21] <Sniff.java [34] - doGet> <This is error message.>
2016-09-28 11:52:04.454 [] [] INFO [qtp1517758613-17] <Sniff.java [32] - doGet> <This is info message.>
2016-09-28 11:52:04.454 [] [] ERROR [qtp1517758613-17] <Sniff.java [34] - doGet> <This is error message.>
2016-09-28 11:52:05.527 [] [] INFO [qtp1517758613-21] <Sniff.java [32] - doGet> <This is info message.>
2016-09-28 11:52:05.528 [] [] ERROR [qtp1517758613-21] <Sniff.java [34] - doGet> <This is error message.>
2016-09-28 11:52:06.458 [] [] INFO [qtp1517758613-17] <Sniff.java [32] - doGet> <This is info message.>
2016-09-28 11:52:06.459 [] [] ERROR [qtp1517758613-17] <Sniff.java [34] - doGet> <This is error message.>
2016-09-28 11:52:07.526 [] [] INFO [qtp1517758613-21] <Sniff.java [32] - doGet> <This is info message.>
2016-09-28 11:52:07.527 [] [] ERROR [qtp1517758613-21] <Sniff.java [34] - doGet> <This is error message.>
2016-09-28 11:52:08.456 [] [] INFO [qtp1517758613-17] <Sniff.java [32] - doGet> <This is info message.>
2016-09-28 11:52:08.456 [] [] ERROR [qtp1517758613-17] <Sniff.java [34] - doGet> <This is error message.>
2016-09-28 11:52:09.525 [] [] INFO [qtp1517758613-19] <Sniff.java [32] - doGet> <This is info message.>
2016-09-28 11:52:09.526 [] [] ERROR [qtp1517758613-19] <Sniff.java [34] - doGet> <This is error message.>
2016-09-28 11:52:10.455 [] [] INFO [qtp1517758613-17] <Sniff.java [32] - doGet> <This is info message.>
2016-09-28 11:52:10.455 [] [] ERROR [qtp1517758613-17] <Sniff.java [34] - doGet> <This is error message.>
2016-09-28 11:52:11.525 [] [] INFO [qtp1517758613-19] <Sniff.java [32] - doGet> <This is info message.>
2016-09-28 11:52:11.526 [] [] ERROR [qtp1517758613-19] <Sniff.java [34] - doGet> <This is error message.>
2016-09-28 11:52:12.457 [] [] INFO [qtp1517758613-17] <Sniff.java [32] - doGet> <This is info message.>
2016-09-28 11:52:12.458 [] [] ERROR [qtp1517758613-17] <Sniff.java [34] - doGet> <This is error message.>
2016-09-28 11:52:13.526 [] [] INFO [qtp1517758613-19] <Sniff.java [32] - doGet> <This is info message.>
2016-09-28 11:52:13.526 [] [] ERROR [qtp1517758613-19] <Sniff.java [34] - doGet> <This is error message.>
2016-09-28 11:52:14.454 [] [] INFO [qtp1517758613-17] <Sniff.java [32] - doGet> <This is info message.>
2016-09-28 11:52:14.454 [] [] ERROR [qtp1517758613-17] <Sniff.java [34] - doGet> <This is error message.>
2016-09-28 11:52:15.524 [] [] INFO [qtp1517758613-21] <Sniff.java [32] - doGet> <This is info message.>
2016-09-28 11:52:15.524 [] [] ERROR [qtp1517758613-21] <Sniff.java [34] - doGet> <This is error message.>
2016-09-28 11:52:16.455 [] [] INFO [qtp1517758613-17] <Sniff.java [32] - doGet> <This is info message.>
2016-09-28 11:52:16.455 [] [] ERROR [qtp1517758613-17] <Sniff.java [34] - doGet> <This is error message.>
2016-09-28 11:52:17.523 [] [] INFO [qtp1517758613-21] <Sniff.java [32] - doGet> <This is info message.>
2016-09-28 11:52:17.523 [] [] ERROR [qtp1517758613-21] <Sniff.java [34] - doGet> <This is error message.>
2016-09-28 11:52:18.452 [] [] INFO [qtp1517758613-22] <Sniff.java [32] - doGet> <This is info message.>
2016-09-28 11:52:18.452 [] [] ERROR [qtp1517758613-22] <Sniff.java [34] - doGet> <This is error message.>
2016-09-28 11:52:19.529 [] [] INFO [qtp1517758613-21] <Sniff.java [32] - doGet> <This is info message.>
2016-09-28 11:52:19.529 [] [] ERROR [qtp1517758613-21] <Sniff.java [34] - doGet> <This is error message.>
2016-09-28 11:52:20.453 [] [] INFO [qtp1517758613-17] <Sniff.java [32] - doGet> <This is info message.>
2016-09-28 11:52:20.453 [] [] ERROR [qtp1517758613-17] <Sniff.java [34] - doGet> <This is error message.>
2016-09-28 11:52:21.523 [] [] INFO [qtp1517758613-21] <Sniff.java [32] - doGet> <This is info message.>
2016-09-28 11:52:21.523 [] [] ERROR [qtp1517758613-21] <Sniff.java [34] - doGet> <This is error message.>
2016-09-28 11:52:22.452 [] [] INFO [qtp1517758613-22] <Sniff.java [32] - doGet> <This is info message.>
2016-09-28 11:52:22.452 [] [] ERROR [qtp1517758613-22] <Sniff.java [34] - doGet> <This is error message.>
2016-09-28 11:52:23.525 [] [] INFO [qtp1517758613-19] <Sniff.java [32] - doGet> <This is info message.>
2016-09-28 11:52:23.525 [] [] ERROR [qtp1517758613-19] <Sniff.java [34] - doGet> <This is error message.>
2016-09-28 11:52:24.456 [] [] INFO [qtp1517758613-22] <Sniff.java [32] - doGet> <This is info message.>
2016-09-28 11:52:24.456 [] [] ERROR [qtp1517758613-22] <Sniff.java [34] - doGet> <This is error message.>
2016-09-28 11:52:25.526 [] [] INFO [qtp1517758613-21] <Sniff.java [32] - doGet> <This is info message.>
2016-09-28 11:52:25.526 [] [] ERROR [qtp1517758613-21] <Sniff.java [34] - doGet> <This is error message.>
2016-09-28 11:52:26.453 [] [] INFO [qtp1517758613-17] <Sniff.java [32] - doGet> <This is info message.>
2016-09-28 11:52:26.453 [] [] ERROR [qtp1517758613-17] <Sniff.java [34] - doGet> <This is error message.>
2016-09-28 11:52:27.529 [] [] INFO [qtp1517758613-19] <Sniff.java [32] - doGet> <This is info message.>
2016-09-28 11:52:27.529 [] [] ERROR [qtp1517758613-19] <Sniff.java [34] - doGet> <This is error message.>
2016-09-28 11:52:28.456 [] [] INFO [qtp1517758613-17] <Sniff.java [32] - doGet> <This is info message.>
2016-09-28 11:52:28.457 [] [] ERROR [qtp1517758613-17] <Sniff.java [34] - doGet> <This is error message.>
2016-09-28 11:52:29.525 [] [] INFO [qtp1517758613-19] <Sniff.java [32] - doGet> <This is info message.>
2016-09-28 11:52:29.525 [] [] ERROR [qtp1517758613-19] <Sniff.java [34] - doGet> <This is error message.>
2016-09-28 11:52:30.453 [] [] INFO [qtp1517758613-22] <Sniff.java [32] - doGet> <This is info message.>
2016-09-28 11:52:30.453 [] [] ERROR [qtp1517758613-22] <Sniff.java [34] - doGet> <This is error message.>
2016-09-28 11:52:31.524 [] [] INFO [qtp1517758613-21] <Sniff.java [32] - doGet> <This is info message.>
2016-09-28 11:52:31.524 [] [] ERROR [qtp1517758613-21] <Sniff.java [34] - doGet> <This is error message.>
2016-09-28 11:52:32.453 [] [] INFO [qtp1517758613-22] <Sniff.java [32] - doGet> <This is info message.>
2016-09-28 11:52:32.453 [] [] ERROR [qtp1517758613-22] <Sniff.java [34] - doGet> <This is error message.>
2016-09-28 11:52:33.523 [] [] INFO [qtp1517758613-19] <Sniff.java [32] - doGet> <This is info message.>
2016-09-28 11:52:33.523 [] [] ERROR [qtp1517758613-19] <Sniff.java [34] - doGet> <This is error message.>
2016-09-28 11:52:34.456 [] [] INFO [qtp1517758613-17] <Sniff.java [32] - doGet> <This is info message.>
2016-09-28 11:52:34.457 [] [] ERROR [qtp1517758613-17] <Sniff.java [34] - doGet> <This is error message.>
2016-09-28 11:52:35.526 [] [] INFO [qtp1517758613-21] <Sniff.java [32] - doGet> <This is info message.>
2016-09-28 11:52:35.526 [] [] ERROR [qtp1517758613-21] <Sniff.java [34] - doGet> <This is error message.>
2016-09-28 11:52:36.455 [] [] INFO [qtp1517758613-17] <Sniff.java [32] - doGet> <This is info message.>
2016-09-28 11:52:36.455 [] [] ERROR [qtp1517758613-17] <Sniff.java [34] - doGet> <This is error message.>
2016-09-28 11:52:37.527 [] [] INFO [qtp1517758613-19] <Sniff.java [32] - doGet> <This is info message.>
2016-09-28 11:52:37.527 [] [] ERROR [qtp1517758613-19] <Sniff.java [34] - doGet> <This is error message.>
2016-09-28 11:52:38.457 [] [] INFO [qtp1517758613-22] <Sniff.java [32] - doGet> <This is info message.>
2016-09-28 11:52:38.457 [] [] ERROR [qtp1517758613-22] <Sniff.java [34] - doGet> <This is error message.>
2016-09-28 11:52:39.529 [] [] INFO [qtp1517758613-21] <Sniff.java [32] - doGet> <This is info message.>
2016-09-28 11:52:39.529 [] [] ERROR [qtp1517758613-21] <Sniff.java [34] - doGet> <This is error message.>
2016-09-28 11:52:40.456 [] [] INFO [qtp1517758613-22] <Sniff.java [32] - doGet> <This is info message.>
2016-09-28 11:52:40.457 [] [] ERROR [qtp1517758613-22] <Sniff.java [34] - doGet> <This is error message.>
2016-09-28 11:52:41.529 [] [] INFO [qtp1517758613-21] <Sniff.java [32] - doGet> <This is info message.>
2016-09-28 11:52:41.530 [] [] ERROR [qtp1517758613-21] <Sniff.java [34] - doGet> <This is error message.>
2016-09-28 11:52:42.457 [] [] INFO [qtp1517758613-22] <Sniff.java [32] - doGet> <This is info message.>
2016-09-28 11:52:42.462 [] [] ERROR [qtp1517758613-22] <Sniff.java [34] - doGet> <This is error message.>
2016-09-28 11:52:43.528 [] [] INFO [qtp1517758613-19] <Sniff.java [32] - doGet> <This is info message.>
2016-09-28 11:52:43.529 [] [] ERROR [qtp1517758613-19] <Sniff.java [34] - doGet> <This is error message.>
2016-09-28 11:52:44.455 [] [] INFO [qtp1517758613-22] <Sniff.java [32] - doGet> <This is info message.>
2016-09-28 11:52:44.455 [] [] ERROR [qtp1517758613-22] <Sniff.java [34] - doGet> <This is error message.>
2016-09-28 11:52:45.523 [] [] INFO [qtp1517758613-19] <Sniff.java [32] - doGet> <This is info message.>
2016-09-28 11:52:45.524 [] [] ERROR [qtp1517758613-19] <Sniff.java [34] - doGet> <This is error message.>
2016-09-28 11:52:46.454 [] [] INFO [qtp1517758613-22] <Sniff.java [32] - doGet> <This is info message.>
2016-09-28 11:52:46.454 [] [] ERROR [qtp1517758613-22] <Sniff.java [34] - doGet> <This is error message.>
