2016--04-11
    增加nginx-naxsi-waf;在web端增强安全防范;


2015-11-19
    docker 直通构建mynginx,mytomcat 完成

    使用busybox 进行任务调度:
    docker run -e CRON="*/ * * * *" busybox sh -c 'echo Hello'

    $ docker run -i -t --link autodock prologic/autodock-cron
    启动插件模式;

    $ docker run -e CRON="*/1 * * * *" busybox sh -c 'echo Hello'
    直至容器删除会一直调用;

    $ docker logs hello
    Hello
    Hello
    Hello


2015-11-18
    lua 改造之后/mysql 升级之后/ 正常运行;
    spring-boot 正常运行;
    mysql2redis.sh 正常运行;
    tomcat-redis-session 共享搞定;

2015-07-04
    https://spring.io/guides/gs/spring-boot-docker/

    http://192.168.59.103/java/rest/public/channel.html

    http://192.168.59.103:32801/channel_auth/filter

    http://192.168.59.103/channel-manage?page=0&start=0&size=15

2015-07-03
    lua+template 与 spring-data-rest 完成整合；
    http://192.168.59.103/channel-manage?page=0&start=0&size=15

    todo 翻页函数

    lua 模板引擎，好用得令人发指
    https://github.com/bungle/lua-resty-template
    lua 的url 调用类，好用得令人发指
    https://github.com/pintsized/lua-resty-http
